14.3479 	INFO 	Loaded monitor calibration from ['2025_08_12 13:20']
14.3636 	WARNING 	User requested fullscreen with size [1024  768], but screen is actually [1920, 1080]. Using actual size
14.8719 	INFO 	Using renderer 'Intel(R) Iris(R) Xe Graphics' for graphics
14.8720 	INFO 	OpenGL version supported by driver is 4..
15.1706 	EXP 	Created window1 = Window(allowGUI=False, allowStencil=False, autoLog=True, backendConf=UNKNOWN, backgroundFit=<method-wrapper '__getattribute__' of attributeSetter object at 0x000001EC22636140>, backgroundImage=<method-wrapper '__getattribute__' of attributeSetter object at 0x000001EC22637490>, bitsMode=UNKNOWN, blendMode='avg', bpc=(8, 8, 8), color=array([0, 0, 0]), colorSpace='rgb', depthBits=8, fullscr=True, gamma=None, gammaErrorPolicy='raise', infoMsg=UNKNOWN, lms=UNKNOWN, monitor=<psychopy.monitors.calibTools.Monitor object at 0x000001EC22732CE0>, multiSample=False, name='window1', numSamples=2, pos=[np.float64(0.0), np.float64(0.0)], screen=0, size=array([1920, 1080]), stencilBits=0, stereo=False, title='PsychoPy', units='height', useFBO=True, useRetina=False, viewOri=0.0, viewPos=None, viewScale=None, waitBlanking=True, winType='pyglet')
15.1707 	EXP 	window1: backgroundImage = ''
15.1707 	EXP 	window1: backgroundFit = 'none'
15.6577 	EXP 	window1: Attempting to measure frame rate of screen (0) ...
15.6578 	EXP 	window1: recordFrameIntervals = False
15.8075 	EXP 	window1: recordFrameIntervals = True
15.9909 	EXP 	Screen (0) actual frame rate measured at 60.00Hz
15.9909 	EXP 	window1: recordFrameIntervals = False
16.0489 	INFO 	keyboard.Keyboard is using ptb backend.
16.0492 	INFO 	keyboard.Keyboard is using ptb backend.
16.0492 	EXP 	Exp2_Stroop Effect: status = STARTED
16.1738 	EXP 	Created text_2 = TextStim(__class__=<class 'psychopy.visual.text.TextStim'>, alignHoriz=method-wrapper(...), alignText='center', alignVert=method-wrapper(...), anchorHoriz='center', anchorVert='center', antialias=True, autoDraw=False, autoLog=True, bold=False, color=array([1., 1., 1.]), colorSpace='rgb', contrast=1.0, depth=0.0, draggable=False, flipHoriz=False, flipVert=False, font='Arial', fontFiles=[], height=np.float64(0.05), italic=False, languageStyle='LTR', name='text_2', opacity=1, ori=0.0, pos=array([0., 0.]), rgb=UNKNOWN, text='WELCOME', units='height', win=Window(...), wrapWidth=1)
16.1792 	EXP 	Created fixation = ShapeStim(__class__=<class 'psychopy.visual.shape.ShapeStim'>, anchor=('center', 'center'), autoDraw=False, autoLog=True, closeShape=True, color=method-wrapper(...), colorSpace='rgb', contrast=None, depth=0.0, draggable=False, fillColor=array([1, 1, 1]), fillColorSpace='rgb', fillRGB=array([1, 1, 1]), interpolate=True, lineColor=array([1., 1., 1.]), lineColorSpace='rgb', lineRGB=array([1, 1, 1]), lineWidth=1.0, name='fixation', opacity=1, ori=0.0, pos=array([0., 0.]), size=array([10., 10.]), units='pix', vertices=ndarray(...), win=Window(...), windingRule=None)
16.1824 	EXP 	Created text = TextStim(__class__=<class 'psychopy.visual.text.TextStim'>, alignHoriz=method-wrapper(...), alignText='center', alignVert=method-wrapper(...), anchorHoriz='center', anchorVert='center', antialias=True, autoDraw=False, autoLog=True, bold=False, color=array([1., 1., 1.]), colorSpace='rgb', contrast=1.0, depth=-1.0, draggable=False, flipHoriz=False, flipVert=False, font='Times New Roman', fontFiles=[], height=0.05, italic=False, languageStyle='LTR', name='text', opacity=1, ori=0.0, pos=array([0., 0.]), rgb=UNKNOWN, text='', units='height', win=Window(...), wrapWidth=1)
16.1943 	EXP 	Created text_3 = TextStim(__class__=<class 'psychopy.visual.text.TextStim'>, alignHoriz=method-wrapper(...), alignText='center', alignVert=method-wrapper(...), anchorHoriz='center', anchorVert='center', antialias=True, autoDraw=False, autoLog=True, bold=False, color=array([1., 1., 1.]), colorSpace='rgb', contrast=1.0, depth=0.0, draggable=False, flipHoriz=False, flipVert=False, font='Times New Roman', fontFiles=[], height=np.float64(0.05), italic=False, languageStyle='LTR', name='text_3', opacity=1, ori=0.0, pos=array([0., 0.]), rgb=UNKNOWN, text='THANKYOU', units='height', win=Window(...), wrapWidth=1)
0.0040 	EXP 	text_2: autoDraw = True
1.0067 	EXP 	Imported Conditions defined.xlsx as conditions, 4 conditions, 4 params
1.0080 	EXP 	New trial (rep=0, index=0): <Trial 0 (0 in rep 0) data={'word': 'RED', 'color': 'blue', 'outcome': 'I', 'correct_response': 'b', 'thisN': 0, 'thisTrialN': 0, 'thisRepN': 0}>
1.0197 	EXP 	text_2: autoDraw = False
1.0197 	EXP 	text_2: autoDraw = False
1.0197 	EXP 	text: foreColor = <psychopy.colors.Color: blue, alpha=1.0>
1.0197 	EXP 	text: height = np.float64(0.05)
1.0197 	EXP 	text: height = np.float64(0.05)
1.0197 	EXP 	text: height = np.float64(0.05)
1.0197 	EXP 	text: text = 'RED'
1.0197 	EXP 	fixation: autoDraw = True
1.5131 	INFO 	Keyboard events cleared
1.5130 	EXP 	fixation: autoDraw = False
1.5130 	EXP 	text: autoDraw = True
5.1003 	EXP 	Device response: <KeyPress from None: t=5.072444500001438, value=r, duration=None>
5.1005 	EXP 	New trial (rep=0, index=1): <Trial 1 (1 in rep 0) data={'word': 'RED', 'color': 'red', 'outcome': 'C', 'correct_response': 'r', 'thisN': 1, 'thisTrialN': 1, 'thisRepN': 0}>
5.1015 	DATA 	Keypress: r
5.1027 	EXP 	fixation: autoDraw = False
5.1027 	EXP 	text: autoDraw = False
5.1027 	EXP 	text: foreColor = <psychopy.colors.Color: red, alpha=1.0>
5.1027 	EXP 	text: text = 'RED'
5.1027 	EXP 	fixation: autoDraw = True
5.2134 	EXP 	Device response: <KeyPress from None: t=5.072444500001438, value=r, duration=0.1296373000004678>
5.6126 	INFO 	Keyboard events cleared
5.6126 	EXP 	fixation: autoDraw = False
5.6126 	EXP 	text: autoDraw = True
6.3300 	EXP 	Device response: <KeyPress from None: t=6.318121000000247, value=r, duration=None>
6.3303 	EXP 	New trial (rep=0, index=2): <Trial 2 (2 in rep 0) data={'word': 'BLUE', 'color': 'red', 'outcome': 'I', 'correct_response': 'r', 'thisN': 2, 'thisTrialN': 2, 'thisRepN': 0}>
6.3382 	DATA 	Keypress: r
6.3462 	EXP 	fixation: autoDraw = False
6.3462 	EXP 	text: autoDraw = False
6.3462 	EXP 	text: foreColor = <psychopy.colors.Color: red, alpha=1.0>
6.3462 	EXP 	text: height = np.float64(0.05)
6.3462 	EXP 	text: height = np.float64(0.05)
6.3462 	EXP 	text: height = np.float64(0.05)
6.3462 	EXP 	text: text = 'BLUE'
6.3462 	EXP 	fixation: autoDraw = True
6.5135 	EXP 	Device response: <KeyPress from None: t=6.318121000000247, value=r, duration=0.19091459999981453>
6.8297 	INFO 	Keyboard events cleared
6.8296 	EXP 	fixation: autoDraw = False
6.8296 	EXP 	text: autoDraw = True
7.2462 	EXP 	Device response: <KeyPress from None: t=7.2386354000009305, value=r, duration=None>
7.2464 	EXP 	New trial (rep=0, index=3): <Trial 3 (3 in rep 0) data={'word': 'BLUE', 'color': 'blue', 'outcome': 'C', 'correct_response': 'b', 'thisN': 3, 'thisTrialN': 3, 'thisRepN': 0}>
7.2477 	DATA 	Keypress: r
7.2627 	EXP 	fixation: autoDraw = False
7.2627 	EXP 	text: autoDraw = False
7.2627 	EXP 	text: foreColor = <psychopy.colors.Color: blue, alpha=1.0>
7.2627 	EXP 	text: text = 'BLUE'
7.2627 	EXP 	fixation: autoDraw = True
7.3961 	EXP 	Device response: <KeyPress from None: t=7.2386354000009305, value=r, duration=0.1405579000020225>
7.7465 	INFO 	Keyboard events cleared
7.7464 	EXP 	fixation: autoDraw = False
7.7464 	EXP 	text: autoDraw = True
8.3798 	EXP 	Device response: <KeyPress from None: t=8.375539500000741, value=b, duration=None>
8.3801 	EXP 	New trial (rep=1, index=0): <Trial 4 (0 in rep 1) data={'word': 'RED', 'color': 'red', 'outcome': 'C', 'correct_response': 'r', 'thisN': 4, 'thisTrialN': 0, 'thisRepN': 1}>
8.3831 	DATA 	Keypress: b
8.3963 	EXP 	fixation: autoDraw = False
8.3963 	EXP 	text: autoDraw = False
8.3963 	EXP 	text: foreColor = <psychopy.colors.Color: red, alpha=1.0>
8.3963 	EXP 	text: height = np.float64(0.05)
8.3963 	EXP 	text: height = np.float64(0.05)
8.3963 	EXP 	text: height = np.float64(0.05)
8.3963 	EXP 	text: text = 'RED'
8.3963 	EXP 	fixation: autoDraw = True
8.5967 	EXP 	Device response: <KeyPress from None: t=8.375539500000741, value=b, duration=0.21448270000109915>
8.8797 	INFO 	Keyboard events cleared
8.8796 	EXP 	fixation: autoDraw = False
8.8796 	EXP 	text: autoDraw = True
9.5625 	EXP 	Device response: <KeyPress from None: t=9.550270600000658, value=r, duration=None>
9.5627 	EXP 	New trial (rep=1, index=1): <Trial 5 (1 in rep 1) data={'word': 'BLUE', 'color': 'blue', 'outcome': 'C', 'correct_response': 'b', 'thisN': 5, 'thisTrialN': 1, 'thisRepN': 1}>
9.5648 	DATA 	Keypress: r
9.5789 	EXP 	fixation: autoDraw = False
9.5789 	EXP 	text: autoDraw = False
9.5789 	EXP 	text: foreColor = <psychopy.colors.Color: blue, alpha=1.0>
9.5789 	EXP 	text: height = np.float64(0.05)
9.5789 	EXP 	text: height = np.float64(0.05)
9.5789 	EXP 	text: height = np.float64(0.05)
9.5789 	EXP 	text: text = 'BLUE'
9.5789 	EXP 	fixation: autoDraw = True
9.7627 	EXP 	Device response: <KeyPress from None: t=9.550270600000658, value=r, duration=0.20064430000275024>
10.0625 	INFO 	Keyboard events cleared
10.0624 	EXP 	fixation: autoDraw = False
10.0624 	EXP 	text: autoDraw = True
10.4631 	EXP 	Device response: <KeyPress from None: t=10.462685300000885, value=b, duration=None>
10.4635 	EXP 	New trial (rep=1, index=2): <Trial 6 (2 in rep 1) data={'word': 'BLUE', 'color': 'red', 'outcome': 'I', 'correct_response': 'r', 'thisN': 6, 'thisTrialN': 2, 'thisRepN': 1}>
10.4655 	DATA 	Keypress: b
10.4790 	EXP 	fixation: autoDraw = False
10.4790 	EXP 	text: autoDraw = False
10.4790 	EXP 	text: foreColor = <psychopy.colors.Color: red, alpha=1.0>
10.4790 	EXP 	text: text = 'BLUE'
10.4790 	EXP 	fixation: autoDraw = True
10.6462 	EXP 	Device response: <KeyPress from None: t=10.462685300000885, value=b, duration=0.17898960000093211>
10.9793 	INFO 	Keyboard events cleared
10.9792 	EXP 	fixation: autoDraw = False
10.9792 	EXP 	text: autoDraw = True
11.8299 	EXP 	Device response: <KeyPress from None: t=11.817980700001499, value=r, duration=None>
11.8303 	EXP 	New trial (rep=1, index=3): <Trial 7 (3 in rep 1) data={'word': 'RED', 'color': 'blue', 'outcome': 'I', 'correct_response': 'b', 'thisN': 7, 'thisTrialN': 3, 'thisRepN': 1}>
11.8349 	DATA 	Keypress: r
11.8457 	EXP 	fixation: autoDraw = False
11.8457 	EXP 	text: autoDraw = False
11.8457 	EXP 	text: foreColor = <psychopy.colors.Color: blue, alpha=1.0>
11.8457 	EXP 	text: height = np.float64(0.05)
11.8457 	EXP 	text: height = np.float64(0.05)
11.8457 	EXP 	text: height = np.float64(0.05)
11.8457 	EXP 	text: text = 'RED'
11.8457 	EXP 	fixation: autoDraw = True
11.9630 	EXP 	Device response: <KeyPress from None: t=11.817980700001499, value=r, duration=0.13491100000101142>
12.3292 	INFO 	Keyboard events cleared
12.3291 	EXP 	fixation: autoDraw = False
12.3291 	EXP 	text: autoDraw = True
13.0964 	EXP 	Device response: <KeyPress from None: t=13.083994800002984, value=b, duration=None>
13.0967 	EXP 	New trial (rep=2, index=0): <Trial 8 (0 in rep 2) data={'word': 'BLUE', 'color': 'blue', 'outcome': 'C', 'correct_response': 'b', 'thisN': 8, 'thisTrialN': 0, 'thisRepN': 2}>
13.1012 	DATA 	Keypress: b
13.1125 	EXP 	fixation: autoDraw = False
13.1125 	EXP 	text: autoDraw = False
13.1125 	EXP 	text: foreColor = <psychopy.colors.Color: blue, alpha=1.0>
13.1125 	EXP 	text: height = np.float64(0.05)
13.1125 	EXP 	text: height = np.float64(0.05)
13.1125 	EXP 	text: height = np.float64(0.05)
13.1125 	EXP 	text: text = 'BLUE'
13.1125 	EXP 	fixation: autoDraw = True
13.2962 	EXP 	Device response: <KeyPress from None: t=13.083994800002984, value=b, duration=0.20056869999825722>
13.5961 	INFO 	Keyboard events cleared
13.5959 	EXP 	fixation: autoDraw = False
13.5959 	EXP 	text: autoDraw = True
14.1811 	DATA 	Keypress: b
14.1961 	EXP 	Device response: <KeyPress from None: t=14.180152400000225, value=b, duration=None>
14.1965 	EXP 	New trial (rep=2, index=1): <Trial 9 (1 in rep 2) data={'word': 'RED', 'color': 'red', 'outcome': 'C', 'correct_response': 'r', 'thisN': 9, 'thisTrialN': 1, 'thisRepN': 2}>
14.2125 	EXP 	fixation: autoDraw = False
14.2125 	EXP 	text: autoDraw = False
14.2125 	EXP 	text: foreColor = <psychopy.colors.Color: red, alpha=1.0>
14.2125 	EXP 	text: height = np.float64(0.05)
14.2125 	EXP 	text: height = np.float64(0.05)
14.2125 	EXP 	text: height = np.float64(0.05)
14.2125 	EXP 	text: text = 'RED'
14.2125 	EXP 	fixation: autoDraw = True
14.3963 	EXP 	Device response: <KeyPress from None: t=14.180152400000225, value=b, duration=0.20496230000208016>
14.6961 	INFO 	Keyboard events cleared
14.6959 	EXP 	fixation: autoDraw = False
14.6959 	EXP 	text: autoDraw = True
15.2462 	EXP 	Device response: <KeyPress from None: t=15.236071400002402, value=b, duration=None>
15.2465 	EXP 	New trial (rep=2, index=2): <Trial 10 (2 in rep 2) data={'word': 'BLUE', 'color': 'red', 'outcome': 'I', 'correct_response': 'r', 'thisN': 10, 'thisTrialN': 2, 'thisRepN': 2}>
15.2512 	DATA 	Keypress: b
15.2624 	EXP 	fixation: autoDraw = False
15.2624 	EXP 	text: autoDraw = False
15.2624 	EXP 	text: foreColor = <psychopy.colors.Color: red, alpha=1.0>
15.2624 	EXP 	text: height = np.float64(0.05)
15.2624 	EXP 	text: height = np.float64(0.05)
15.2624 	EXP 	text: height = np.float64(0.05)
15.2624 	EXP 	text: text = 'BLUE'
15.2624 	EXP 	fixation: autoDraw = True
15.2795 	EXP 	Device response: <KeyPress from None: t=15.266783100003522, value=r, duration=None>
15.2805 	DATA 	Keypress: r
15.3796 	EXP 	Device response: <KeyPress from None: t=15.266783100003522, value=r, duration=0.09972619999825838>
15.4122 	EXP 	Device response: <KeyPress from None: t=15.236071400002402, value=b, duration=0.15978700000050594>
15.7460 	INFO 	Keyboard events cleared
15.7459 	EXP 	fixation: autoDraw = False
15.7459 	EXP 	text: autoDraw = True
16.4295 	EXP 	Device response: <KeyPress from None: t=16.423256000001857, value=r, duration=None>
16.4298 	EXP 	New trial (rep=2, index=3): <Trial 11 (3 in rep 2) data={'word': 'RED', 'color': 'blue', 'outcome': 'I', 'correct_response': 'b', 'thisN': 11, 'thisTrialN': 3, 'thisRepN': 2}>
16.4342 	DATA 	Keypress: r
16.4457 	EXP 	fixation: autoDraw = False
16.4457 	EXP 	text: autoDraw = False
16.4457 	EXP 	text: foreColor = <psychopy.colors.Color: blue, alpha=1.0>
16.4457 	EXP 	text: height = np.float64(0.05)
16.4457 	EXP 	text: height = np.float64(0.05)
16.4457 	EXP 	text: height = np.float64(0.05)
16.4457 	EXP 	text: text = 'RED'
16.4457 	EXP 	fixation: autoDraw = True
16.5626 	EXP 	Device response: <KeyPress from None: t=16.423256000001857, value=r, duration=0.13361169999916456>
16.9291 	INFO 	Keyboard events cleared
16.9290 	EXP 	fixation: autoDraw = False
16.9290 	EXP 	text: autoDraw = True
17.4795 	EXP 	Device response: <KeyPress from None: t=17.469179100000474, value=b, duration=None>
17.4799 	EXP 	New trial (rep=3, index=0): <Trial 12 (0 in rep 3) data={'word': 'RED', 'color': 'red', 'outcome': 'C', 'correct_response': 'r', 'thisN': 12, 'thisTrialN': 0, 'thisRepN': 3}>
17.4815 	DATA 	Keypress: b
17.4956 	EXP 	fixation: autoDraw = False
17.4956 	EXP 	text: autoDraw = False
17.4956 	EXP 	text: foreColor = <psychopy.colors.Color: red, alpha=1.0>
17.4956 	EXP 	text: text = 'RED'
17.4956 	EXP 	fixation: autoDraw = True
17.6794 	EXP 	Device response: <KeyPress from None: t=17.469179100000474, value=b, duration=0.1986419000022579>
17.9955 	INFO 	Keyboard events cleared
17.9954 	EXP 	fixation: autoDraw = False
17.9954 	EXP 	text: autoDraw = True
18.4291 	EXP 	Device response: <KeyPress from None: t=18.41406260000076, value=r, duration=None>
18.4295 	EXP 	New trial (rep=3, index=1): <Trial 13 (1 in rep 3) data={'word': 'BLUE', 'color': 'blue', 'outcome': 'C', 'correct_response': 'b', 'thisN': 13, 'thisTrialN': 1, 'thisRepN': 3}>
18.4335 	DATA 	Keypress: r
18.4454 	EXP 	fixation: autoDraw = False
18.4454 	EXP 	text: autoDraw = False
18.4454 	EXP 	text: foreColor = <psychopy.colors.Color: blue, alpha=1.0>
18.4454 	EXP 	text: height = np.float64(0.05)
18.4454 	EXP 	text: height = np.float64(0.05)
18.4454 	EXP 	text: height = np.float64(0.05)
18.4454 	EXP 	text: text = 'BLUE'
18.4454 	EXP 	fixation: autoDraw = True
18.5793 	EXP 	Device response: <KeyPress from None: t=18.41406260000076, value=r, duration=0.16015130000232602>
18.9290 	INFO 	Keyboard events cleared
18.9288 	EXP 	fixation: autoDraw = False
18.9288 	EXP 	text: autoDraw = True
19.3461 	EXP 	Device response: <KeyPress from None: t=19.334979800001747, value=b, duration=None>
19.3464 	EXP 	New trial (rep=3, index=2): <Trial 14 (2 in rep 3) data={'word': 'BLUE', 'color': 'red', 'outcome': 'I', 'correct_response': 'r', 'thisN': 14, 'thisTrialN': 2, 'thisRepN': 3}>
19.3482 	DATA 	Keypress: b
19.3622 	EXP 	fixation: autoDraw = False
19.3622 	EXP 	text: autoDraw = False
19.3622 	EXP 	text: foreColor = <psychopy.colors.Color: red, alpha=1.0>
19.3622 	EXP 	text: text = 'BLUE'
19.3622 	EXP 	fixation: autoDraw = True
19.5293 	EXP 	Device response: <KeyPress from None: t=19.334979800001747, value=b, duration=0.1900117000004684>
19.8458 	INFO 	Keyboard events cleared
19.8456 	EXP 	fixation: autoDraw = False
19.8456 	EXP 	text: autoDraw = True
20.5290 	EXP 	Device response: <KeyPress from None: t=20.520128500000283, value=r, duration=None>
20.5294 	EXP 	New trial (rep=3, index=3): <Trial 15 (3 in rep 3) data={'word': 'RED', 'color': 'blue', 'outcome': 'I', 'correct_response': 'b', 'thisN': 15, 'thisTrialN': 3, 'thisRepN': 3}>
20.5338 	DATA 	Keypress: r
20.5452 	EXP 	fixation: autoDraw = False
20.5452 	EXP 	text: autoDraw = False
20.5452 	EXP 	text: foreColor = <psychopy.colors.Color: blue, alpha=1.0>
20.5452 	EXP 	text: height = np.float64(0.05)
20.5452 	EXP 	text: height = np.float64(0.05)
20.5452 	EXP 	text: height = np.float64(0.05)
20.5452 	EXP 	text: text = 'RED'
20.5452 	EXP 	fixation: autoDraw = True
20.6960 	EXP 	Device response: <KeyPress from None: t=20.520128500000283, value=r, duration=0.16524350000327104>
21.0292 	INFO 	Keyboard events cleared
21.0289 	EXP 	fixation: autoDraw = False
21.0289 	EXP 	text: autoDraw = True
21.3626 	EXP 	Device response: <KeyPress from None: t=21.355989400002727, value=b, duration=None>
21.3629 	EXP 	New trial (rep=4, index=0): <Trial 16 (0 in rep 4) data={'word': 'RED', 'color': 'red', 'outcome': 'C', 'correct_response': 'r', 'thisN': 16, 'thisTrialN': 0, 'thisRepN': 4}>
21.3646 	DATA 	Keypress: b
21.3788 	EXP 	fixation: autoDraw = False
21.3788 	EXP 	text: autoDraw = False
21.3788 	EXP 	text: foreColor = <psychopy.colors.Color: red, alpha=1.0>
21.3788 	EXP 	text: text = 'RED'
21.3788 	EXP 	fixation: autoDraw = True
21.5792 	EXP 	Device response: <KeyPress from None: t=21.355989400002727, value=b, duration=0.21576699999786797>
21.8624 	INFO 	Keyboard events cleared
21.8622 	EXP 	fixation: autoDraw = False
21.8622 	EXP 	text: autoDraw = True
22.3458 	EXP 	Device response: <KeyPress from None: t=22.341925900000206, value=r, duration=None>
22.3462 	EXP 	New trial (rep=4, index=1): <Trial 17 (1 in rep 4) data={'word': 'RED', 'color': 'blue', 'outcome': 'I', 'correct_response': 'b', 'thisN': 17, 'thisTrialN': 1, 'thisRepN': 4}>
22.3477 	DATA 	Keypress: r
22.3620 	EXP 	fixation: autoDraw = False
22.3620 	EXP 	text: autoDraw = False
22.3620 	EXP 	text: foreColor = <psychopy.colors.Color: blue, alpha=1.0>
22.3620 	EXP 	text: text = 'RED'
22.3620 	EXP 	fixation: autoDraw = True
22.5291 	EXP 	Device response: <KeyPress from None: t=22.341925900000206, value=r, duration=0.17094410000208882>
22.8455 	INFO 	Keyboard events cleared
22.8453 	EXP 	fixation: autoDraw = False
22.8453 	EXP 	text: autoDraw = True
23.1454 	EXP 	Device response: <KeyPress from None: t=23.137480100001994, value=b, duration=None>
23.1456 	EXP 	New trial (rep=4, index=2): <Trial 18 (2 in rep 4) data={'word': 'BLUE', 'color': 'blue', 'outcome': 'C', 'correct_response': 'b', 'thisN': 18, 'thisTrialN': 2, 'thisRepN': 4}>
23.1485 	DATA 	Keypress: b
23.1617 	EXP 	fixation: autoDraw = False
23.1617 	EXP 	text: autoDraw = False
23.1617 	EXP 	text: foreColor = <psychopy.colors.Color: blue, alpha=1.0>
23.1617 	EXP 	text: height = np.float64(0.05)
23.1617 	EXP 	text: height = np.float64(0.05)
23.1617 	EXP 	text: height = np.float64(0.05)
23.1617 	EXP 	text: text = 'BLUE'
23.1617 	EXP 	fixation: autoDraw = True
23.3120 	EXP 	Device response: <KeyPress from None: t=23.137480100001994, value=b, duration=0.16494450000027427>
23.6457 	INFO 	Keyboard events cleared
23.6456 	EXP 	fixation: autoDraw = False
23.6456 	EXP 	text: autoDraw = True
24.0801 	DATA 	Keypress: b
24.0957 	EXP 	Device response: <KeyPress from None: t=24.078719700002694, value=b, duration=None>
24.0960 	EXP 	New trial (rep=4, index=3): <Trial 19 (3 in rep 4) data={'word': 'BLUE', 'color': 'red', 'outcome': 'I', 'correct_response': 'r', 'thisN': 19, 'thisTrialN': 3, 'thisRepN': 4}>
24.1118 	EXP 	fixation: autoDraw = False
24.1118 	EXP 	text: autoDraw = False
24.1118 	EXP 	text: foreColor = <psychopy.colors.Color: red, alpha=1.0>
24.1118 	EXP 	text: text = 'BLUE'
24.1118 	EXP 	fixation: autoDraw = True
24.2623 	EXP 	Device response: <KeyPress from None: t=24.078719700002694, value=b, duration=0.1697853000005125>
24.5953 	INFO 	Keyboard events cleared
24.5951 	EXP 	fixation: autoDraw = False
24.5951 	EXP 	text: autoDraw = True
25.0479 	DATA 	Keypress: r
25.0621 	EXP 	Device response: <KeyPress from None: t=25.044675600001938, value=r, duration=None>
25.0624 	EXP 	New trial (rep=5, index=0): <Trial 20 (0 in rep 5) data={'word': 'BLUE', 'color': 'blue', 'outcome': 'C', 'correct_response': 'b', 'thisN': 20, 'thisTrialN': 0, 'thisRepN': 5}>
25.0784 	EXP 	fixation: autoDraw = False
25.0784 	EXP 	text: autoDraw = False
25.0784 	EXP 	text: foreColor = <psychopy.colors.Color: blue, alpha=1.0>
25.0784 	EXP 	text: text = 'BLUE'
25.0784 	EXP 	fixation: autoDraw = True
25.2288 	EXP 	Device response: <KeyPress from None: t=25.044675600001938, value=r, duration=0.17523520000031567>
25.5619 	INFO 	Keyboard events cleared
25.5618 	EXP 	fixation: autoDraw = False
25.5618 	EXP 	text: autoDraw = True
26.0121 	EXP 	Device response: <KeyPress from None: t=26.01058880000346, value=b, duration=None>
26.0125 	EXP 	New trial (rep=5, index=1): <Trial 21 (1 in rep 5) data={'word': 'RED', 'color': 'blue', 'outcome': 'I', 'correct_response': 'b', 'thisN': 21, 'thisTrialN': 1, 'thisRepN': 5}>
26.0176 	DATA 	Keypress: b
26.0284 	EXP 	fixation: autoDraw = False
26.0284 	EXP 	text: autoDraw = False
26.0284 	EXP 	text: foreColor = <psychopy.colors.Color: blue, alpha=1.0>
26.0284 	EXP 	text: height = np.float64(0.05)
26.0284 	EXP 	text: height = np.float64(0.05)
26.0284 	EXP 	text: height = np.float64(0.05)
26.0284 	EXP 	text: text = 'RED'
26.0284 	EXP 	fixation: autoDraw = True
26.2121 	EXP 	Device response: <KeyPress from None: t=26.01058880000346, value=b, duration=0.18452029999752995>
26.5119 	INFO 	Keyboard events cleared
26.5118 	EXP 	fixation: autoDraw = False
26.5118 	EXP 	text: autoDraw = True
27.0457 	EXP 	Device response: <KeyPress from None: t=27.036609900002077, value=b, duration=None>
27.0460 	EXP 	New trial (rep=5, index=2): <Trial 22 (2 in rep 5) data={'word': 'BLUE', 'color': 'red', 'outcome': 'I', 'correct_response': 'r', 'thisN': 22, 'thisTrialN': 2, 'thisRepN': 5}>
27.0512 	DATA 	Keypress: b
27.0619 	EXP 	fixation: autoDraw = False
27.0619 	EXP 	text: autoDraw = False
27.0619 	EXP 	text: foreColor = <psychopy.colors.Color: red, alpha=1.0>
27.0619 	EXP 	text: height = np.float64(0.05)
27.0619 	EXP 	text: height = np.float64(0.05)
27.0619 	EXP 	text: height = np.float64(0.05)
27.0619 	EXP 	text: text = 'BLUE'
27.0619 	EXP 	fixation: autoDraw = True
27.2622 	EXP 	Device response: <KeyPress from None: t=27.036609900002077, value=b, duration=0.209362699999474>
27.5453 	INFO 	Keyboard events cleared
27.5451 	EXP 	fixation: autoDraw = False
27.5451 	EXP 	text: autoDraw = True
28.1133 	DATA 	Keypress: r
28.1287 	EXP 	Device response: <KeyPress from None: t=28.11206580000362, value=r, duration=None>
28.1291 	EXP 	New trial (rep=5, index=3): <Trial 23 (3 in rep 5) data={'word': 'RED', 'color': 'red', 'outcome': 'C', 'correct_response': 'r', 'thisN': 23, 'thisTrialN': 3, 'thisRepN': 5}>
28.1449 	EXP 	fixation: autoDraw = False
28.1449 	EXP 	text: autoDraw = False
28.1449 	EXP 	text: foreColor = <psychopy.colors.Color: red, alpha=1.0>
28.1449 	EXP 	text: height = np.float64(0.05)
28.1449 	EXP 	text: height = np.float64(0.05)
28.1449 	EXP 	text: height = np.float64(0.05)
28.1449 	EXP 	text: text = 'RED'
28.1449 	EXP 	fixation: autoDraw = True
28.2455 	EXP 	Device response: <KeyPress from None: t=28.11206580000362, value=r, duration=0.13050269999803277>
28.6281 	INFO 	Keyboard events cleared
28.6280 	EXP 	fixation: autoDraw = False
28.6280 	EXP 	text: autoDraw = True
29.0121 	EXP 	Device response: <KeyPress from None: t=29.00830030000361, value=r, duration=None>
29.0124 	EXP 	New trial (rep=6, index=0): <Trial 24 (0 in rep 6) data={'word': 'BLUE', 'color': 'blue', 'outcome': 'C', 'correct_response': 'b', 'thisN': 24, 'thisTrialN': 0, 'thisRepN': 6}>
29.0172 	DATA 	Keypress: r
29.0282 	EXP 	fixation: autoDraw = False
29.0282 	EXP 	text: autoDraw = False
29.0282 	EXP 	text: foreColor = <psychopy.colors.Color: blue, alpha=1.0>
29.0282 	EXP 	text: height = np.float64(0.05)
29.0282 	EXP 	text: height = np.float64(0.05)
29.0282 	EXP 	text: height = np.float64(0.05)
29.0282 	EXP 	text: text = 'BLUE'
29.0282 	EXP 	fixation: autoDraw = True
29.1953 	EXP 	Device response: <KeyPress from None: t=29.00830030000361, value=r, duration=0.17943069999819272>
29.5119 	INFO 	Keyboard events cleared
29.5117 	EXP 	fixation: autoDraw = False
29.5117 	EXP 	text: autoDraw = True
29.9619 	EXP 	Device response: <KeyPress from None: t=29.959161600003426, value=b, duration=None>
29.9622 	EXP 	New trial (rep=6, index=1): <Trial 25 (1 in rep 6) data={'word': 'BLUE', 'color': 'red', 'outcome': 'I', 'correct_response': 'r', 'thisN': 25, 'thisTrialN': 1, 'thisRepN': 6}>
29.9638 	DATA 	Keypress: b
29.9779 	EXP 	fixation: autoDraw = False
29.9779 	EXP 	text: autoDraw = False
29.9779 	EXP 	text: foreColor = <psychopy.colors.Color: red, alpha=1.0>
29.9779 	EXP 	text: text = 'BLUE'
29.9779 	EXP 	fixation: autoDraw = True
30.1451 	EXP 	Device response: <KeyPress from None: t=29.959161600003426, value=b, duration=0.1695503999981156>
30.4615 	INFO 	Keyboard events cleared
30.4615 	EXP 	fixation: autoDraw = False
30.4615 	EXP 	text: autoDraw = True
30.9620 	EXP 	Device response: <KeyPress from None: t=30.95498740000039, value=r, duration=None>
30.9623 	EXP 	New trial (rep=6, index=2): <Trial 26 (2 in rep 6) data={'word': 'RED', 'color': 'blue', 'outcome': 'I', 'correct_response': 'b', 'thisN': 26, 'thisTrialN': 2, 'thisRepN': 6}>
30.9669 	DATA 	Keypress: r
30.9782 	EXP 	fixation: autoDraw = False
30.9782 	EXP 	text: autoDraw = False
30.9782 	EXP 	text: foreColor = <psychopy.colors.Color: blue, alpha=1.0>
30.9782 	EXP 	text: height = np.float64(0.05)
30.9782 	EXP 	text: height = np.float64(0.05)
30.9782 	EXP 	text: height = np.float64(0.05)
30.9782 	EXP 	text: text = 'RED'
30.9782 	EXP 	fixation: autoDraw = True
31.1452 	EXP 	Device response: <KeyPress from None: t=30.95498740000039, value=r, duration=0.1898572999998578>
31.4616 	INFO 	Keyboard events cleared
31.4615 	EXP 	fixation: autoDraw = False
31.4615 	EXP 	text: autoDraw = True
31.8785 	EXP 	Device response: <KeyPress from None: t=31.87505730000339, value=b, duration=None>
31.8788 	EXP 	New trial (rep=6, index=3): <Trial 27 (3 in rep 6) data={'word': 'RED', 'color': 'red', 'outcome': 'C', 'correct_response': 'r', 'thisN': 27, 'thisTrialN': 3, 'thisRepN': 6}>
31.8804 	DATA 	Keypress: b
31.8949 	EXP 	fixation: autoDraw = False
31.8949 	EXP 	text: autoDraw = False
31.8949 	EXP 	text: foreColor = <psychopy.colors.Color: red, alpha=1.0>
31.8949 	EXP 	text: text = 'RED'
31.8949 	EXP 	fixation: autoDraw = True
32.0620 	EXP 	Device response: <KeyPress from None: t=31.87505730000339, value=b, duration=0.17515479999929084>
32.3782 	INFO 	Keyboard events cleared
32.3780 	EXP 	fixation: autoDraw = False
32.3780 	EXP 	text: autoDraw = True
32.9118 	EXP 	Device response: <KeyPress from None: t=32.90604850000091, value=r, duration=None>
32.9121 	EXP 	New trial (rep=7, index=0): <Trial 28 (0 in rep 7) data={'word': 'BLUE', 'color': 'blue', 'outcome': 'C', 'correct_response': 'b', 'thisN': 28, 'thisTrialN': 0, 'thisRepN': 7}>
32.9160 	DATA 	Keypress: r
32.9279 	EXP 	fixation: autoDraw = False
32.9279 	EXP 	text: autoDraw = False
32.9279 	EXP 	text: foreColor = <psychopy.colors.Color: blue, alpha=1.0>
32.9279 	EXP 	text: height = np.float64(0.05)
32.9279 	EXP 	text: height = np.float64(0.05)
32.9279 	EXP 	text: height = np.float64(0.05)
32.9279 	EXP 	text: text = 'BLUE'
32.9279 	EXP 	fixation: autoDraw = True
33.0951 	EXP 	Device response: <KeyPress from None: t=32.90604850000091, value=r, duration=0.17571180000231834>
33.4116 	INFO 	Keyboard events cleared
33.4114 	EXP 	fixation: autoDraw = False
33.4114 	EXP 	text: autoDraw = True
34.1118 	EXP 	Device response: <KeyPress from None: t=34.102759200002765, value=b, duration=None>
34.1121 	EXP 	New trial (rep=7, index=1): <Trial 29 (1 in rep 7) data={'word': 'RED', 'color': 'blue', 'outcome': 'I', 'correct_response': 'b', 'thisN': 29, 'thisTrialN': 1, 'thisRepN': 7}>
34.1163 	DATA 	Keypress: b
34.1277 	EXP 	fixation: autoDraw = False
34.1277 	EXP 	text: autoDraw = False
34.1277 	EXP 	text: foreColor = <psychopy.colors.Color: blue, alpha=1.0>
34.1277 	EXP 	text: height = np.float64(0.05)
34.1277 	EXP 	text: height = np.float64(0.05)
34.1277 	EXP 	text: height = np.float64(0.05)
34.1277 	EXP 	text: text = 'RED'
34.1277 	EXP 	fixation: autoDraw = True
34.2951 	EXP 	Device response: <KeyPress from None: t=34.102759200002765, value=b, duration=0.17942549999861512>
34.6115 	INFO 	Keyboard events cleared
34.6113 	EXP 	fixation: autoDraw = False
34.6113 	EXP 	text: autoDraw = True
34.9448 	EXP 	Device response: <KeyPress from None: t=34.942738600002485, value=b, duration=None>
34.9451 	EXP 	New trial (rep=7, index=2): <Trial 30 (2 in rep 7) data={'word': 'BLUE', 'color': 'red', 'outcome': 'I', 'correct_response': 'r', 'thisN': 30, 'thisTrialN': 2, 'thisRepN': 7}>
34.9480 	DATA 	Keypress: b
34.9610 	EXP 	fixation: autoDraw = False
34.9610 	EXP 	text: autoDraw = False
34.9610 	EXP 	text: foreColor = <psychopy.colors.Color: red, alpha=1.0>
34.9610 	EXP 	text: height = np.float64(0.05)
34.9610 	EXP 	text: height = np.float64(0.05)
34.9610 	EXP 	text: height = np.float64(0.05)
34.9610 	EXP 	text: text = 'BLUE'
34.9610 	EXP 	fixation: autoDraw = True
35.1283 	EXP 	Device response: <KeyPress from None: t=34.942738600002485, value=b, duration=0.18090289999963716>
35.4444 	INFO 	Keyboard events cleared
35.4443 	EXP 	fixation: autoDraw = False
35.4443 	EXP 	text: autoDraw = True
36.2118 	EXP 	Device response: <KeyPress from None: t=36.204645300000266, value=r, duration=None>
36.2121 	EXP 	New trial (rep=7, index=3): <Trial 31 (3 in rep 7) data={'word': 'RED', 'color': 'red', 'outcome': 'C', 'correct_response': 'r', 'thisN': 31, 'thisTrialN': 3, 'thisRepN': 7}>
36.2151 	DATA 	Keypress: r
36.2279 	EXP 	fixation: autoDraw = False
36.2279 	EXP 	text: autoDraw = False
36.2279 	EXP 	text: foreColor = <psychopy.colors.Color: red, alpha=1.0>
36.2279 	EXP 	text: height = np.float64(0.05)
36.2279 	EXP 	text: height = np.float64(0.05)
36.2279 	EXP 	text: height = np.float64(0.05)
36.2279 	EXP 	text: text = 'RED'
36.2279 	EXP 	fixation: autoDraw = True
36.3948 	EXP 	Device response: <KeyPress from None: t=36.204645300000266, value=r, duration=0.17417900000145892>
36.7112 	INFO 	Keyboard events cleared
36.7110 	EXP 	fixation: autoDraw = False
36.7110 	EXP 	text: autoDraw = True
37.1115 	EXP 	Device response: <KeyPress from None: t=37.10478110000258, value=r, duration=None>
37.1118 	EXP 	New trial (rep=8, index=0): <Trial 32 (0 in rep 8) data={'word': 'RED', 'color': 'red', 'outcome': 'C', 'correct_response': 'r', 'thisN': 32, 'thisTrialN': 0, 'thisRepN': 8}>
37.1136 	DATA 	Keypress: r
37.1277 	EXP 	fixation: autoDraw = False
37.1277 	EXP 	text: autoDraw = False
37.1277 	EXP 	text: foreColor = <psychopy.colors.Color: red, alpha=1.0>
37.1277 	EXP 	text: text = 'RED'
37.1277 	EXP 	fixation: autoDraw = True
37.2612 	EXP 	Device response: <KeyPress from None: t=37.10478110000258, value=r, duration=0.1552031999999599>
37.6113 	INFO 	Keyboard events cleared
37.6112 	EXP 	fixation: autoDraw = False
37.6112 	EXP 	text: autoDraw = True
38.0281 	EXP 	Device response: <KeyPress from None: t=38.02581440000358, value=r, duration=None>
38.0285 	EXP 	New trial (rep=8, index=1): <Trial 33 (1 in rep 8) data={'word': 'BLUE', 'color': 'blue', 'outcome': 'C', 'correct_response': 'b', 'thisN': 33, 'thisTrialN': 1, 'thisRepN': 8}>
38.0331 	DATA 	Keypress: r
38.0444 	EXP 	fixation: autoDraw = False
38.0444 	EXP 	text: autoDraw = False
38.0444 	EXP 	text: foreColor = <psychopy.colors.Color: blue, alpha=1.0>
38.0444 	EXP 	text: height = np.float64(0.05)
38.0444 	EXP 	text: height = np.float64(0.05)
38.0444 	EXP 	text: height = np.float64(0.05)
38.0444 	EXP 	text: text = 'BLUE'
38.0444 	EXP 	fixation: autoDraw = True
38.2280 	EXP 	Device response: <KeyPress from None: t=38.02581440000358, value=r, duration=0.19044689999645925>
38.5278 	INFO 	Keyboard events cleared
38.5277 	EXP 	fixation: autoDraw = False
38.5277 	EXP 	text: autoDraw = True
39.1111 	EXP 	Device response: <KeyPress from None: t=39.10152780000135, value=b, duration=None>
39.1114 	EXP 	New trial (rep=8, index=2): <Trial 34 (2 in rep 8) data={'word': 'RED', 'color': 'blue', 'outcome': 'I', 'correct_response': 'b', 'thisN': 34, 'thisTrialN': 2, 'thisRepN': 8}>
39.1164 	DATA 	Keypress: b
39.1274 	EXP 	fixation: autoDraw = False
39.1274 	EXP 	text: autoDraw = False
39.1274 	EXP 	text: foreColor = <psychopy.colors.Color: blue, alpha=1.0>
39.1274 	EXP 	text: height = np.float64(0.05)
39.1274 	EXP 	text: height = np.float64(0.05)
39.1274 	EXP 	text: height = np.float64(0.05)
39.1274 	EXP 	text: text = 'RED'
39.1274 	EXP 	fixation: autoDraw = True
39.2610 	EXP 	Device response: <KeyPress from None: t=39.10152780000135, value=b, duration=0.14483370000016293>
39.6112 	INFO 	Keyboard events cleared
39.6110 	EXP 	fixation: autoDraw = False
39.6110 	EXP 	text: autoDraw = True
39.9613 	EXP 	Device response: <KeyPress from None: t=39.95741310000085, value=b, duration=None>
39.9616 	EXP 	New trial (rep=8, index=3): <Trial 35 (3 in rep 8) data={'word': 'BLUE', 'color': 'red', 'outcome': 'I', 'correct_response': 'r', 'thisN': 35, 'thisTrialN': 3, 'thisRepN': 8}>
39.9664 	DATA 	Keypress: b
39.9776 	EXP 	fixation: autoDraw = False
39.9776 	EXP 	text: autoDraw = False
39.9776 	EXP 	text: foreColor = <psychopy.colors.Color: red, alpha=1.0>
39.9776 	EXP 	text: height = np.float64(0.05)
39.9776 	EXP 	text: height = np.float64(0.05)
39.9776 	EXP 	text: height = np.float64(0.05)
39.9776 	EXP 	text: text = 'BLUE'
39.9776 	EXP 	fixation: autoDraw = True
40.1114 	EXP 	Device response: <KeyPress from None: t=39.95741310000085, value=b, duration=0.1501060000009602>
40.4612 	INFO 	Keyboard events cleared
40.4611 	EXP 	fixation: autoDraw = False
40.4611 	EXP 	text: autoDraw = True
41.0287 	DATA 	Keypress: r
41.0447 	EXP 	Device response: <KeyPress from None: t=41.0281950000026, value=r, duration=None>
41.0450 	EXP 	New trial (rep=9, index=0): <Trial 36 (0 in rep 9) data={'word': 'BLUE', 'color': 'red', 'outcome': 'I', 'correct_response': 'r', 'thisN': 36, 'thisTrialN': 0, 'thisRepN': 9}>
41.0609 	EXP 	fixation: autoDraw = False
41.0609 	EXP 	text: autoDraw = False
41.0609 	EXP 	text: foreColor = <psychopy.colors.Color: red, alpha=1.0>
41.0609 	EXP 	text: text = 'BLUE'
41.0609 	EXP 	fixation: autoDraw = True
41.2612 	EXP 	Device response: <KeyPress from None: t=41.0281950000026, value=r, duration=0.23102970000036294>
41.5444 	INFO 	Keyboard events cleared
41.5443 	EXP 	fixation: autoDraw = False
41.5443 	EXP 	text: autoDraw = True
42.0445 	EXP 	Device response: <KeyPress from None: t=42.034475100001146, value=r, duration=None>
42.0449 	EXP 	New trial (rep=9, index=1): <Trial 37 (1 in rep 9) data={'word': 'BLUE', 'color': 'blue', 'outcome': 'C', 'correct_response': 'b', 'thisN': 37, 'thisTrialN': 1, 'thisRepN': 9}>
42.0466 	DATA 	Keypress: r
42.0608 	EXP 	fixation: autoDraw = False
42.0608 	EXP 	text: autoDraw = False
42.0608 	EXP 	text: foreColor = <psychopy.colors.Color: blue, alpha=1.0>
42.0608 	EXP 	text: text = 'BLUE'
42.0608 	EXP 	fixation: autoDraw = True
42.2113 	EXP 	Device response: <KeyPress from None: t=42.034475100001146, value=r, duration=0.16565099999934318>
42.5444 	INFO 	Keyboard events cleared
42.5442 	EXP 	fixation: autoDraw = False
42.5442 	EXP 	text: autoDraw = True
43.0946 	EXP 	Device response: <KeyPress from None: t=43.08107650000238, value=b, duration=None>
43.0949 	EXP 	New trial (rep=9, index=2): <Trial 38 (2 in rep 9) data={'word': 'RED', 'color': 'red', 'outcome': 'C', 'correct_response': 'r', 'thisN': 38, 'thisTrialN': 2, 'thisRepN': 9}>
43.1000 	DATA 	Keypress: b
43.1108 	EXP 	fixation: autoDraw = False
43.1108 	EXP 	text: autoDraw = False
43.1108 	EXP 	text: foreColor = <psychopy.colors.Color: red, alpha=1.0>
43.1108 	EXP 	text: height = np.float64(0.05)
43.1108 	EXP 	text: height = np.float64(0.05)
43.1108 	EXP 	text: height = np.float64(0.05)
43.1108 	EXP 	text: text = 'RED'
43.1108 	EXP 	fixation: autoDraw = True
43.2444 	EXP 	Device response: <KeyPress from None: t=43.08107650000238, value=b, duration=0.15447130000029574>
43.5942 	INFO 	Keyboard events cleared
43.5940 	EXP 	fixation: autoDraw = False
43.5940 	EXP 	text: autoDraw = True
44.4941 	EXP 	Device response: <KeyPress from None: t=44.48739060000298, value=r, duration=None>
44.4944 	EXP 	New trial (rep=9, index=3): <Trial 39 (3 in rep 9) data={'word': 'RED', 'color': 'blue', 'outcome': 'I', 'correct_response': 'b', 'thisN': 39, 'thisTrialN': 3, 'thisRepN': 9}>
44.4959 	DATA 	Keypress: r
44.5104 	EXP 	fixation: autoDraw = False
44.5104 	EXP 	text: autoDraw = False
44.5104 	EXP 	text: foreColor = <psychopy.colors.Color: blue, alpha=1.0>
44.5104 	EXP 	text: text = 'RED'
44.5104 	EXP 	fixation: autoDraw = True
44.6941 	EXP 	Device response: <KeyPress from None: t=44.48739060000298, value=r, duration=0.19912429999749293>
44.9942 	INFO 	Keyboard events cleared
44.9941 	EXP 	fixation: autoDraw = False
44.9941 	EXP 	text: autoDraw = True
45.6611 	EXP 	Device response: <KeyPress from None: t=45.65353290000348, value=b, duration=None>
45.6640 	DATA 	Keypress: b
45.6770 	EXP 	fixation: autoDraw = False
45.6770 	EXP 	text: autoDraw = False
45.6770 	EXP 	text_3: autoDraw = True
45.8276 	EXP 	Device response: <KeyPress from None: t=45.65353290000348, value=b, duration=0.16510719999860157>
46.6605 	EXP 	text_3: autoDraw = False
46.6605 	EXP 	text_3: autoDraw = False
46.6608 	EXP 	Exp2_Stroop Effect: status = STOPPED
46.6739 	INFO 	saved data to 'C:\\Users\\saksh\\OneDrive\\Desktop\\PSYCHOPY\\PSYCHOPY EXPERIMENTS\\Exp2- Stroop Effect\\data\\007_Exp2_Stroop Effect_2025-08-26_13h02.07.502.csv'
46.6761 	INFO 	saved data to C:\Users\saksh\OneDrive\Desktop\PSYCHOPY\PSYCHOPY EXPERIMENTS\Exp2- Stroop Effect\data\007_Exp2_Stroop Effect_2025-08-26_13h02.07.502.psydat
47.0919 	WARNING 	Stopping key buffers but this could be dangerous ifother keyboards rely on the same.
47.1232 	WARNING 	Stopping key buffers but this could be dangerous ifother keyboards rely on the same.
