7.3825 	INFO 	Loaded monitor calibration from ['2025_08_12 13:20']
7.3900 	WARNING 	User requested fullscreen with size [1024  768], but screen is actually [1920, 1080]. Using actual size
7.6148 	INFO 	Using renderer 'Intel(R) Iris(R) Xe Graphics' for graphics
7.6148 	INFO 	OpenGL version supported by driver is 4..
7.8087 	EXP 	Created window1 = Window(allowGUI=False, allowStencil=False, autoLog=True, backendConf=UNKNOWN, backgroundFit=<method-wrapper '__getattribute__' of attributeSetter object at 0x000002D91C6EABF0>, backgroundImage=<method-wrapper '__getattribute__' of attributeSetter object at 0x000002D91C6EAC50>, bitsMode=UNKNOWN, blendMode='avg', bpc=(8, 8, 8), color=array([0, 0, 0]), colorSpace='rgb', depthBits=8, fullscr=True, gamma=None, gammaErrorPolicy='raise', infoMsg=UNKNOWN, lms=UNKNOWN, monitor=<psychopy.monitors.calibTools.Monitor object at 0x000002D91C7D6F20>, multiSample=False, name='window1', numSamples=2, pos=[np.float64(0.0), np.float64(0.0)], screen=0, size=array([1920, 1080]), stencilBits=0, stereo=False, title='PsychoPy', units='height', useFBO=True, useRetina=False, viewOri=0.0, viewPos=None, viewScale=None, waitBlanking=True, winType='pyglet')
7.8088 	EXP 	window1: backgroundImage = ''
7.8088 	EXP 	window1: backgroundFit = 'none'
8.1436 	EXP 	window1: Attempting to measure frame rate of screen (0) ...
8.1436 	EXP 	window1: recordFrameIntervals = False
8.2800 	EXP 	window1: recordFrameIntervals = True
8.4636 	EXP 	Screen (0) actual frame rate measured at 59.99Hz
8.4637 	EXP 	window1: recordFrameIntervals = False
8.5205 	INFO 	keyboard.Keyboard is using ptb backend.
8.5207 	INFO 	keyboard.Keyboard is using ptb backend.
8.5207 	EXP 	Experiment: status = STARTED
8.5876 	EXP 	Created text_2 = TextStim(__class__=<class 'psychopy.visual.text.TextStim'>, alignHoriz=method-wrapper(...), alignText='center', alignVert=method-wrapper(...), anchorHoriz='center', anchorVert='center', antialias=True, autoDraw=False, autoLog=True, bold=False, color=array([1., 1., 1.]), colorSpace='rgb', contrast=1.0, depth=0.0, draggable=False, flipHoriz=False, flipVert=False, font='Arial', fontFiles=[], height=np.float64(0.05), italic=False, languageStyle='LTR', name='text_2', opacity=1, ori=0.0, pos=array([0., 0.]), rgb=UNKNOWN, text='WELCOME', units='height', win=Window(...), wrapWidth=1)
8.5906 	EXP 	Created fixation = ShapeStim(__class__=<class 'psychopy.visual.shape.ShapeStim'>, anchor=('center', 'center'), autoDraw=False, autoLog=True, closeShape=True, color=method-wrapper(...), colorSpace='rgb', contrast=None, depth=0.0, draggable=False, fillColor=array([1, 1, 1]), fillColorSpace='rgb', fillRGB=array([1, 1, 1]), interpolate=True, lineColor=array([1., 1., 1.]), lineColorSpace='rgb', lineRGB=array([1, 1, 1]), lineWidth=1.0, name='fixation', opacity=1, ori=0.0, pos=array([0., 0.]), size=array([10., 10.]), units='pix', vertices=ndarray(...), win=Window(...), windingRule=None)
8.5913 	EXP 	Created text = TextStim(__class__=<class 'psychopy.visual.text.TextStim'>, alignHoriz=method-wrapper(...), alignText='center', alignVert=method-wrapper(...), anchorHoriz='center', anchorVert='center', antialias=True, autoDraw=False, autoLog=True, bold=False, color=array([1., 1., 1.]), colorSpace='rgb', contrast=1.0, depth=-1.0, draggable=False, flipHoriz=False, flipVert=False, font='Times New Roman', fontFiles=[], height=0.05, italic=False, languageStyle='LTR', name='text', opacity=1, ori=0.0, pos=array([0., 0.]), rgb=UNKNOWN, text='', units='height', win=Window(...), wrapWidth=1)
8.5968 	EXP 	Created text_3 = TextStim(__class__=<class 'psychopy.visual.text.TextStim'>, alignHoriz=method-wrapper(...), alignText='center', alignVert=method-wrapper(...), anchorHoriz='center', anchorVert='center', antialias=True, autoDraw=False, autoLog=True, bold=False, color=array([1., 1., 1.]), colorSpace='rgb', contrast=1.0, depth=0.0, draggable=False, flipHoriz=False, flipVert=False, font='Times New Roman', fontFiles=[], height=np.float64(0.05), italic=False, languageStyle='LTR', name='text_3', opacity=1, ori=0.0, pos=array([0., 0.]), rgb=UNKNOWN, text='THANKYOU', units='height', win=Window(...), wrapWidth=1)
0.0033 	EXP 	text_2: autoDraw = True
0.9907 	EXP 	Imported Conditions defined.xlsx as conditions, 4 conditions, 4 params
0.9912 	EXP 	New trial (rep=0, index=0): <Trial 0 (0 in rep 0) data={'word': 'BLUE', 'color': 'red', 'outcome': 'I', 'correct_response': 'r', 'thisN': 0, 'thisTrialN': 0, 'thisRepN': 0}>
0.9995 	EXP 	text_2: autoDraw = False
0.9995 	EXP 	text_2: autoDraw = False
0.9995 	EXP 	text: foreColor = <psychopy.colors.Color: red, alpha=1.0>
0.9995 	EXP 	text: height = np.float64(0.05)
0.9995 	EXP 	text: height = np.float64(0.05)
0.9995 	EXP 	text: height = np.float64(0.05)
0.9995 	EXP 	text: text = 'BLUE'
0.9995 	EXP 	fixation: autoDraw = True
1.4998 	INFO 	Keyboard events cleared
1.4996 	EXP 	fixation: autoDraw = False
1.4996 	EXP 	text: autoDraw = True
2.6522 	EXP 	Device response: <KeyPress from None: t=2.6484192999996594, value=r, duration=None>
2.6523 	EXP 	New trial (rep=0, index=1): <Trial 1 (1 in rep 0) data={'word': 'RED', 'color': 'blue', 'outcome': 'I', 'correct_response': 'b', 'thisN': 1, 'thisTrialN': 1, 'thisRepN': 0}>
2.6567 	DATA 	Keypress: r
2.6660 	EXP 	fixation: autoDraw = False
2.6660 	EXP 	text: autoDraw = False
2.6660 	EXP 	text: foreColor = <psychopy.colors.Color: blue, alpha=1.0>
2.6660 	EXP 	text: height = np.float64(0.05)
2.6660 	EXP 	text: height = np.float64(0.05)
2.6660 	EXP 	text: height = np.float64(0.05)
2.6660 	EXP 	text: text = 'RED'
2.6660 	EXP 	fixation: autoDraw = True
2.7501 	EXP 	Device response: <KeyPress from None: t=2.6484192999996594, value=r, duration=0.10085399999661604>
3.1661 	INFO 	Keyboard events cleared
3.1660 	EXP 	fixation: autoDraw = False
3.1660 	EXP 	text: autoDraw = True
3.8667 	EXP 	Device response: <KeyPress from None: t=3.8597552999999607, value=b, duration=None>
3.8670 	EXP 	New trial (rep=0, index=2): <Trial 2 (2 in rep 0) data={'word': 'RED', 'color': 'red', 'outcome': 'C', 'correct_response': 'r', 'thisN': 2, 'thisTrialN': 2, 'thisRepN': 0}>
3.8687 	DATA 	Keypress: b
3.8829 	EXP 	fixation: autoDraw = False
3.8829 	EXP 	text: autoDraw = False
3.8829 	EXP 	text: foreColor = <psychopy.colors.Color: red, alpha=1.0>
3.8829 	EXP 	text: text = 'RED'
3.8829 	EXP 	fixation: autoDraw = True
4.0167 	EXP 	Device response: <KeyPress from None: t=3.8597552999999607, value=b, duration=0.14449340000282973>
4.3664 	INFO 	Keyboard events cleared
4.3662 	EXP 	fixation: autoDraw = False
4.3662 	EXP 	text: autoDraw = True
4.7163 	EXP 	Device response: <KeyPress from None: t=4.715331499995955, value=r, duration=None>
4.7167 	EXP 	New trial (rep=0, index=3): <Trial 3 (3 in rep 0) data={'word': 'BLUE', 'color': 'blue', 'outcome': 'C', 'correct_response': 'b', 'thisN': 3, 'thisTrialN': 3, 'thisRepN': 0}>
4.7207 	DATA 	Keypress: r
4.7329 	EXP 	fixation: autoDraw = False
4.7329 	EXP 	text: autoDraw = False
4.7329 	EXP 	text: foreColor = <psychopy.colors.Color: blue, alpha=1.0>
4.7329 	EXP 	text: height = np.float64(0.05)
4.7329 	EXP 	text: height = np.float64(0.05)
4.7329 	EXP 	text: height = np.float64(0.05)
4.7329 	EXP 	text: text = 'BLUE'
4.7329 	EXP 	fixation: autoDraw = True
4.8832 	EXP 	Device response: <KeyPress from None: t=4.715331499995955, value=r, duration=0.15929480000340845>
5.2163 	INFO 	Keyboard events cleared
5.2162 	EXP 	fixation: autoDraw = False
5.2162 	EXP 	text: autoDraw = True
5.5494 	EXP 	Device response: <KeyPress from None: t=5.544979600002989, value=b, duration=None>
5.5495 	EXP 	New trial (rep=1, index=0): <Trial 4 (0 in rep 1) data={'word': 'BLUE', 'color': 'blue', 'outcome': 'C', 'correct_response': 'b', 'thisN': 4, 'thisTrialN': 0, 'thisRepN': 1}>
5.5501 	DATA 	Keypress: b
5.5659 	EXP 	fixation: autoDraw = False
5.5659 	EXP 	text: autoDraw = False
5.5659 	EXP 	text: foreColor = <psychopy.colors.Color: blue, alpha=1.0>
5.5659 	EXP 	text: text = 'BLUE'
5.5659 	EXP 	fixation: autoDraw = True
5.7164 	EXP 	Device response: <KeyPress from None: t=5.544979600002989, value=b, duration=0.16012559999944642>
6.0496 	INFO 	Keyboard events cleared
6.0494 	EXP 	fixation: autoDraw = False
6.0494 	EXP 	text: autoDraw = True
6.6330 	EXP 	Device response: <KeyPress from None: t=6.6263770000005024, value=b, duration=None>
6.6333 	EXP 	New trial (rep=1, index=1): <Trial 5 (1 in rep 1) data={'word': 'RED', 'color': 'blue', 'outcome': 'I', 'correct_response': 'b', 'thisN': 5, 'thisTrialN': 1, 'thisRepN': 1}>
6.6377 	DATA 	Keypress: b
6.6491 	EXP 	fixation: autoDraw = False
6.6491 	EXP 	text: autoDraw = False
6.6491 	EXP 	text: foreColor = <psychopy.colors.Color: blue, alpha=1.0>
6.6491 	EXP 	text: height = np.float64(0.05)
6.6491 	EXP 	text: height = np.float64(0.05)
6.6491 	EXP 	text: height = np.float64(0.05)
6.6491 	EXP 	text: text = 'RED'
6.6491 	EXP 	fixation: autoDraw = True
6.8166 	EXP 	Device response: <KeyPress from None: t=6.6263770000005024, value=b, duration=0.17452529999718536>
7.1327 	INFO 	Keyboard events cleared
7.1326 	EXP 	fixation: autoDraw = False
7.1326 	EXP 	text: autoDraw = True
7.4830 	EXP 	Device response: <KeyPress from None: t=7.482069300000148, value=b, duration=None>
7.4835 	EXP 	New trial (rep=1, index=2): <Trial 6 (2 in rep 1) data={'word': 'RED', 'color': 'red', 'outcome': 'C', 'correct_response': 'r', 'thisN': 6, 'thisTrialN': 2, 'thisRepN': 1}>
7.4857 	DATA 	Keypress: b
7.4995 	EXP 	fixation: autoDraw = False
7.4995 	EXP 	text: autoDraw = False
7.4995 	EXP 	text: foreColor = <psychopy.colors.Color: red, alpha=1.0>
7.4995 	EXP 	text: text = 'RED'
7.4995 	EXP 	fixation: autoDraw = True
7.6164 	EXP 	Device response: <KeyPress from None: t=7.482069300000148, value=b, duration=0.12437830000271788>
7.9826 	INFO 	Keyboard events cleared
7.9825 	EXP 	fixation: autoDraw = False
7.9825 	EXP 	text: autoDraw = True
8.4160 	EXP 	Device response: <KeyPress from None: t=8.401468800002476, value=r, duration=None>
8.4163 	EXP 	New trial (rep=1, index=3): <Trial 7 (3 in rep 1) data={'word': 'BLUE', 'color': 'red', 'outcome': 'I', 'correct_response': 'r', 'thisN': 7, 'thisTrialN': 3, 'thisRepN': 1}>
8.4208 	DATA 	Keypress: r
8.4324 	EXP 	fixation: autoDraw = False
8.4324 	EXP 	text: autoDraw = False
8.4324 	EXP 	text: foreColor = <psychopy.colors.Color: red, alpha=1.0>
8.4324 	EXP 	text: height = np.float64(0.05)
8.4324 	EXP 	text: height = np.float64(0.05)
8.4324 	EXP 	text: height = np.float64(0.05)
8.4324 	EXP 	text: text = 'BLUE'
8.4324 	EXP 	fixation: autoDraw = True
8.5661 	EXP 	Device response: <KeyPress from None: t=8.401468800002476, value=r, duration=0.15520599999581464>
8.9160 	INFO 	Keyboard events cleared
8.9158 	EXP 	fixation: autoDraw = False
8.9158 	EXP 	text: autoDraw = True
9.5994 	EXP 	Device response: <KeyPress from None: t=9.587441800002125, value=r, duration=None>
9.5998 	EXP 	New trial (rep=2, index=0): <Trial 8 (0 in rep 2) data={'word': 'RED', 'color': 'red', 'outcome': 'C', 'correct_response': 'r', 'thisN': 8, 'thisTrialN': 0, 'thisRepN': 2}>
9.6040 	DATA 	Keypress: r
9.6156 	EXP 	fixation: autoDraw = False
9.6156 	EXP 	text: autoDraw = False
9.6156 	EXP 	text: foreColor = <psychopy.colors.Color: red, alpha=1.0>
9.6156 	EXP 	text: height = np.float64(0.05)
9.6156 	EXP 	text: height = np.float64(0.05)
9.6156 	EXP 	text: height = np.float64(0.05)
9.6156 	EXP 	text: text = 'RED'
9.6156 	EXP 	fixation: autoDraw = True
9.7329 	EXP 	Device response: <KeyPress from None: t=9.587441800002125, value=r, duration=0.13509859999612672>
10.0994 	INFO 	Keyboard events cleared
10.0992 	EXP 	fixation: autoDraw = False
10.0992 	EXP 	text: autoDraw = True
10.6830 	EXP 	Device response: <KeyPress from None: t=10.668354499997804, value=r, duration=None>
10.6834 	EXP 	New trial (rep=2, index=1): <Trial 9 (1 in rep 2) data={'word': 'RED', 'color': 'blue', 'outcome': 'I', 'correct_response': 'b', 'thisN': 9, 'thisTrialN': 1, 'thisRepN': 2}>
10.6850 	DATA 	Keypress: r
10.6993 	EXP 	fixation: autoDraw = False
10.6993 	EXP 	text: autoDraw = False
10.6993 	EXP 	text: foreColor = <psychopy.colors.Color: blue, alpha=1.0>
10.6993 	EXP 	text: text = 'RED'
10.6993 	EXP 	fixation: autoDraw = True
10.8162 	EXP 	Device response: <KeyPress from None: t=10.668354499997804, value=r, duration=0.14051679999829503>
11.1827 	INFO 	Keyboard events cleared
11.1825 	EXP 	fixation: autoDraw = False
11.1825 	EXP 	text: autoDraw = True
11.5161 	EXP 	Device response: <KeyPress from None: t=11.509268800000427, value=b, duration=None>
11.5164 	EXP 	New trial (rep=2, index=2): <Trial 10 (2 in rep 2) data={'word': 'BLUE', 'color': 'blue', 'outcome': 'C', 'correct_response': 'b', 'thisN': 10, 'thisTrialN': 2, 'thisRepN': 2}>
11.5199 	DATA 	Keypress: b
11.5323 	EXP 	fixation: autoDraw = False
11.5323 	EXP 	text: autoDraw = False
11.5323 	EXP 	text: foreColor = <psychopy.colors.Color: blue, alpha=1.0>
11.5323 	EXP 	text: height = np.float64(0.05)
11.5323 	EXP 	text: height = np.float64(0.05)
11.5323 	EXP 	text: height = np.float64(0.05)
11.5323 	EXP 	text: text = 'BLUE'
11.5323 	EXP 	fixation: autoDraw = True
11.6827 	EXP 	Device response: <KeyPress from None: t=11.509268800000427, value=b, duration=0.1701251999984379>
12.0159 	INFO 	Keyboard events cleared
12.0158 	EXP 	fixation: autoDraw = False
12.0158 	EXP 	text: autoDraw = True
12.5505 	DATA 	Keypress: b
12.5659 	EXP 	Device response: <KeyPress from None: t=12.5497783000028, value=b, duration=None>
12.5662 	EXP 	New trial (rep=2, index=3): <Trial 11 (3 in rep 2) data={'word': 'BLUE', 'color': 'red', 'outcome': 'I', 'correct_response': 'r', 'thisN': 11, 'thisTrialN': 3, 'thisRepN': 2}>
12.5821 	EXP 	fixation: autoDraw = False
12.5821 	EXP 	text: autoDraw = False
12.5821 	EXP 	text: foreColor = <psychopy.colors.Color: red, alpha=1.0>
12.5821 	EXP 	text: text = 'BLUE'
12.5821 	EXP 	fixation: autoDraw = True
12.6828 	EXP 	Device response: <KeyPress from None: t=12.5497783000028, value=b, duration=0.12017909999849508>
13.0658 	INFO 	Keyboard events cleared
13.0657 	EXP 	fixation: autoDraw = False
13.0657 	EXP 	text: autoDraw = True
13.5326 	EXP 	Device response: <KeyPress from None: t=13.525735099996382, value=r, duration=None>
13.5330 	EXP 	New trial (rep=3, index=0): <Trial 12 (0 in rep 3) data={'word': 'RED', 'color': 'red', 'outcome': 'C', 'correct_response': 'r', 'thisN': 12, 'thisTrialN': 0, 'thisRepN': 3}>
13.5364 	DATA 	Keypress: r
13.5489 	EXP 	fixation: autoDraw = False
13.5489 	EXP 	text: autoDraw = False
13.5489 	EXP 	text: foreColor = <psychopy.colors.Color: red, alpha=1.0>
13.5489 	EXP 	text: height = np.float64(0.05)
13.5489 	EXP 	text: height = np.float64(0.05)
13.5489 	EXP 	text: height = np.float64(0.05)
13.5489 	EXP 	text: text = 'RED'
13.5489 	EXP 	fixation: autoDraw = True
13.7157 	EXP 	Device response: <KeyPress from None: t=13.525735099996382, value=r, duration=0.173954900004901>
14.0324 	INFO 	Keyboard events cleared
14.0322 	EXP 	fixation: autoDraw = False
14.0322 	EXP 	text: autoDraw = True
14.6994 	EXP 	Device response: <KeyPress from None: t=14.685617199997068, value=r, duration=None>
14.6997 	EXP 	New trial (rep=3, index=1): <Trial 13 (1 in rep 3) data={'word': 'BLUE', 'color': 'blue', 'outcome': 'C', 'correct_response': 'b', 'thisN': 13, 'thisTrialN': 1, 'thisRepN': 3}>
14.7061 	DATA 	Keypress: r
14.7155 	EXP 	fixation: autoDraw = False
14.7155 	EXP 	text: autoDraw = False
14.7155 	EXP 	text: foreColor = <psychopy.colors.Color: blue, alpha=1.0>
14.7155 	EXP 	text: height = np.float64(0.05)
14.7155 	EXP 	text: height = np.float64(0.05)
14.7155 	EXP 	text: height = np.float64(0.05)
14.7155 	EXP 	text: text = 'BLUE'
14.7155 	EXP 	fixation: autoDraw = True
14.8493 	EXP 	Device response: <KeyPress from None: t=14.685617199997068, value=r, duration=0.16014080000604736>
15.1988 	INFO 	Keyboard events cleared
15.1986 	EXP 	fixation: autoDraw = False
15.1986 	EXP 	text: autoDraw = True
15.5159 	EXP 	Device response: <KeyPress from None: t=15.50086800000281, value=b, duration=None>
15.5162 	EXP 	New trial (rep=3, index=2): <Trial 14 (2 in rep 3) data={'word': 'RED', 'color': 'blue', 'outcome': 'I', 'correct_response': 'b', 'thisN': 14, 'thisTrialN': 2, 'thisRepN': 3}>
15.5207 	DATA 	Keypress: b
15.5319 	EXP 	fixation: autoDraw = False
15.5319 	EXP 	text: autoDraw = False
15.5319 	EXP 	text: foreColor = <psychopy.colors.Color: blue, alpha=1.0>
15.5319 	EXP 	text: height = np.float64(0.05)
15.5319 	EXP 	text: height = np.float64(0.05)
15.5319 	EXP 	text: height = np.float64(0.05)
15.5319 	EXP 	text: text = 'RED'
15.5319 	EXP 	fixation: autoDraw = True
15.6827 	EXP 	Device response: <KeyPress from None: t=15.50086800000281, value=b, duration=0.17082490000029793>
16.0154 	INFO 	Keyboard events cleared
16.0152 	EXP 	fixation: autoDraw = False
16.0152 	EXP 	text: autoDraw = True
16.4990 	EXP 	Device response: <KeyPress from None: t=16.497282399999676, value=b, duration=None>
16.4993 	EXP 	New trial (rep=3, index=3): <Trial 15 (3 in rep 3) data={'word': 'BLUE', 'color': 'red', 'outcome': 'I', 'correct_response': 'r', 'thisN': 15, 'thisTrialN': 3, 'thisRepN': 3}>
16.5026 	DATA 	Keypress: b
16.5155 	EXP 	fixation: autoDraw = False
16.5155 	EXP 	text: autoDraw = False
16.5155 	EXP 	text: foreColor = <psychopy.colors.Color: red, alpha=1.0>
16.5155 	EXP 	text: height = np.float64(0.05)
16.5155 	EXP 	text: height = np.float64(0.05)
16.5155 	EXP 	text: height = np.float64(0.05)
16.5155 	EXP 	text: text = 'BLUE'
16.5155 	EXP 	fixation: autoDraw = True
16.6323 	EXP 	Device response: <KeyPress from None: t=16.497282399999676, value=b, duration=0.12501460000203224>
16.9990 	INFO 	Keyboard events cleared
16.9988 	EXP 	fixation: autoDraw = False
16.9988 	EXP 	text: autoDraw = True
17.4322 	EXP 	Device response: <KeyPress from None: t=17.43194599999697, value=r, duration=None>
17.4326 	EXP 	New trial (rep=4, index=0): <Trial 16 (0 in rep 4) data={'word': 'RED', 'color': 'red', 'outcome': 'C', 'correct_response': 'r', 'thisN': 16, 'thisTrialN': 0, 'thisRepN': 4}>
17.4375 	DATA 	Keypress: r
17.4485 	EXP 	fixation: autoDraw = False
17.4485 	EXP 	text: autoDraw = False
17.4485 	EXP 	text: foreColor = <psychopy.colors.Color: red, alpha=1.0>
17.4485 	EXP 	text: height = np.float64(0.05)
17.4485 	EXP 	text: height = np.float64(0.05)
17.4485 	EXP 	text: height = np.float64(0.05)
17.4485 	EXP 	text: text = 'RED'
17.4485 	EXP 	fixation: autoDraw = True
17.5825 	EXP 	Device response: <KeyPress from None: t=17.43194599999697, value=r, duration=0.1500439000010374>
17.9321 	INFO 	Keyboard events cleared
17.9320 	EXP 	fixation: autoDraw = False
17.9320 	EXP 	text: autoDraw = True
18.4822 	EXP 	Device response: <KeyPress from None: t=18.472545299999183, value=r, duration=None>
18.4824 	EXP 	New trial (rep=4, index=1): <Trial 17 (1 in rep 4) data={'word': 'BLUE', 'color': 'red', 'outcome': 'I', 'correct_response': 'r', 'thisN': 17, 'thisTrialN': 1, 'thisRepN': 4}>
18.4865 	DATA 	Keypress: r
18.4987 	EXP 	fixation: autoDraw = False
18.4987 	EXP 	text: autoDraw = False
18.4987 	EXP 	text: foreColor = <psychopy.colors.Color: red, alpha=1.0>
18.4987 	EXP 	text: height = np.float64(0.05)
18.4987 	EXP 	text: height = np.float64(0.05)
18.4987 	EXP 	text: height = np.float64(0.05)
18.4987 	EXP 	text: text = 'BLUE'
18.4987 	EXP 	fixation: autoDraw = True
18.6491 	EXP 	Device response: <KeyPress from None: t=18.472545299999183, value=r, duration=0.16585370000393596>
18.9818 	INFO 	Keyboard events cleared
18.9817 	EXP 	fixation: autoDraw = False
18.9817 	EXP 	text: autoDraw = True
19.4990 	EXP 	Device response: <KeyPress from None: t=19.49842090000311, value=r, duration=None>
19.4994 	EXP 	New trial (rep=4, index=2): <Trial 18 (2 in rep 4) data={'word': 'BLUE', 'color': 'blue', 'outcome': 'C', 'correct_response': 'b', 'thisN': 18, 'thisTrialN': 2, 'thisRepN': 4}>
19.5010 	DATA 	Keypress: r
19.5154 	EXP 	fixation: autoDraw = False
19.5154 	EXP 	text: autoDraw = False
19.5154 	EXP 	text: foreColor = <psychopy.colors.Color: blue, alpha=1.0>
19.5154 	EXP 	text: text = 'BLUE'
19.5154 	EXP 	fixation: autoDraw = True
19.6491 	EXP 	Device response: <KeyPress from None: t=19.49842090000311, value=r, duration=0.1447967999993125>
19.9988 	INFO 	Keyboard events cleared
19.9986 	EXP 	fixation: autoDraw = False
19.9986 	EXP 	text: autoDraw = True
20.4990 	EXP 	Device response: <KeyPress from None: t=20.48911760000192, value=b, duration=None>
20.4994 	EXP 	New trial (rep=4, index=3): <Trial 19 (3 in rep 4) data={'word': 'RED', 'color': 'blue', 'outcome': 'I', 'correct_response': 'b', 'thisN': 19, 'thisTrialN': 3, 'thisRepN': 4}>
20.5042 	DATA 	Keypress: b
20.5149 	EXP 	fixation: autoDraw = False
20.5149 	EXP 	text: autoDraw = False
20.5149 	EXP 	text: foreColor = <psychopy.colors.Color: blue, alpha=1.0>
20.5149 	EXP 	text: height = np.float64(0.05)
20.5149 	EXP 	text: height = np.float64(0.05)
20.5149 	EXP 	text: height = np.float64(0.05)
20.5149 	EXP 	text: text = 'RED'
20.5149 	EXP 	fixation: autoDraw = True
20.6321 	EXP 	Device response: <KeyPress from None: t=20.48911760000192, value=b, duration=0.12978409999777796>
20.9987 	INFO 	Keyboard events cleared
20.9986 	EXP 	fixation: autoDraw = False
20.9986 	EXP 	text: autoDraw = True
21.4821 	EXP 	Device response: <KeyPress from None: t=21.469394899999315, value=b, duration=None>
21.4824 	EXP 	New trial (rep=5, index=0): <Trial 20 (0 in rep 5) data={'word': 'BLUE', 'color': 'red', 'outcome': 'I', 'correct_response': 'r', 'thisN': 20, 'thisTrialN': 0, 'thisRepN': 5}>
21.4869 	DATA 	Keypress: b
21.4982 	EXP 	fixation: autoDraw = False
21.4982 	EXP 	text: autoDraw = False
21.4982 	EXP 	text: foreColor = <psychopy.colors.Color: red, alpha=1.0>
21.4982 	EXP 	text: height = np.float64(0.05)
21.4982 	EXP 	text: height = np.float64(0.05)
21.4982 	EXP 	text: height = np.float64(0.05)
21.4982 	EXP 	text: text = 'BLUE'
21.4982 	EXP 	fixation: autoDraw = True
21.5989 	EXP 	Device response: <KeyPress from None: t=21.469394899999315, value=b, duration=0.12026560000231257>
21.9819 	INFO 	Keyboard events cleared
21.9817 	EXP 	fixation: autoDraw = False
21.9817 	EXP 	text: autoDraw = True
22.4819 	EXP 	Device response: <KeyPress from None: t=22.48007769999822, value=r, duration=None>
22.4822 	EXP 	New trial (rep=5, index=1): <Trial 21 (1 in rep 5) data={'word': 'BLUE', 'color': 'blue', 'outcome': 'C', 'correct_response': 'b', 'thisN': 21, 'thisTrialN': 1, 'thisRepN': 5}>
22.4839 	DATA 	Keypress: r
22.4985 	EXP 	fixation: autoDraw = False
22.4985 	EXP 	text: autoDraw = False
22.4985 	EXP 	text: foreColor = <psychopy.colors.Color: blue, alpha=1.0>
22.4985 	EXP 	text: text = 'BLUE'
22.4985 	EXP 	fixation: autoDraw = True
22.6154 	EXP 	Device response: <KeyPress from None: t=22.48007769999822, value=r, duration=0.1197558999992907>
22.9819 	INFO 	Keyboard events cleared
22.9817 	EXP 	fixation: autoDraw = False
22.9817 	EXP 	text: autoDraw = True
23.3655 	EXP 	Device response: <KeyPress from None: t=23.35036989999935, value=b, duration=None>
23.3658 	EXP 	New trial (rep=5, index=2): <Trial 22 (2 in rep 5) data={'word': 'RED', 'color': 'blue', 'outcome': 'I', 'correct_response': 'b', 'thisN': 22, 'thisTrialN': 2, 'thisRepN': 5}>
23.3704 	DATA 	Keypress: b
23.3814 	EXP 	fixation: autoDraw = False
23.3814 	EXP 	text: autoDraw = False
23.3814 	EXP 	text: foreColor = <psychopy.colors.Color: blue, alpha=1.0>
23.3814 	EXP 	text: height = np.float64(0.05)
23.3814 	EXP 	text: height = np.float64(0.05)
23.3814 	EXP 	text: height = np.float64(0.05)
23.3814 	EXP 	text: text = 'RED'
23.3814 	EXP 	fixation: autoDraw = True
23.4821 	EXP 	Device response: <KeyPress from None: t=23.35036989999935, value=b, duration=0.11544059999869205>
23.8652 	INFO 	Keyboard events cleared
23.8650 	EXP 	fixation: autoDraw = False
23.8650 	EXP 	text: autoDraw = True
24.3652 	EXP 	Device response: <KeyPress from None: t=24.361211900002672, value=b, duration=None>
24.3655 	EXP 	New trial (rep=5, index=3): <Trial 23 (3 in rep 5) data={'word': 'RED', 'color': 'red', 'outcome': 'C', 'correct_response': 'r', 'thisN': 23, 'thisTrialN': 3, 'thisRepN': 5}>
24.3672 	DATA 	Keypress: b
24.3816 	EXP 	fixation: autoDraw = False
24.3816 	EXP 	text: autoDraw = False
24.3816 	EXP 	text: foreColor = <psychopy.colors.Color: red, alpha=1.0>
24.3816 	EXP 	text: text = 'RED'
24.3816 	EXP 	fixation: autoDraw = True
24.4821 	EXP 	Device response: <KeyPress from None: t=24.361211900002672, value=b, duration=0.12007239999365993>
24.8650 	INFO 	Keyboard events cleared
24.8649 	EXP 	fixation: autoDraw = False
24.8649 	EXP 	text: autoDraw = True
25.2319 	EXP 	Device response: <KeyPress from None: t=25.22804840000026, value=r, duration=None>
25.2323 	EXP 	New trial (rep=6, index=0): <Trial 24 (0 in rep 6) data={'word': 'BLUE', 'color': 'red', 'outcome': 'I', 'correct_response': 'r', 'thisN': 24, 'thisTrialN': 0, 'thisRepN': 6}>
25.2356 	DATA 	Keypress: r
25.2482 	EXP 	fixation: autoDraw = False
25.2482 	EXP 	text: autoDraw = False
25.2482 	EXP 	text: foreColor = <psychopy.colors.Color: red, alpha=1.0>
25.2482 	EXP 	text: height = np.float64(0.05)
25.2482 	EXP 	text: height = np.float64(0.05)
25.2482 	EXP 	text: height = np.float64(0.05)
25.2482 	EXP 	text: text = 'BLUE'
25.2482 	EXP 	fixation: autoDraw = True
25.3654 	EXP 	Device response: <KeyPress from None: t=25.22804840000026, value=r, duration=0.13405069999862462>
25.7315 	INFO 	Keyboard events cleared
25.7314 	EXP 	fixation: autoDraw = False
25.7314 	EXP 	text: autoDraw = True
26.8318 	EXP 	Device response: <KeyPress from None: t=26.81758290000289, value=r, duration=None>
26.8322 	EXP 	New trial (rep=6, index=1): <Trial 25 (1 in rep 6) data={'word': 'RED', 'color': 'blue', 'outcome': 'I', 'correct_response': 'b', 'thisN': 25, 'thisTrialN': 1, 'thisRepN': 6}>
26.8367 	DATA 	Keypress: r
26.8479 	EXP 	fixation: autoDraw = False
26.8479 	EXP 	text: autoDraw = False
26.8479 	EXP 	text: foreColor = <psychopy.colors.Color: blue, alpha=1.0>
26.8479 	EXP 	text: height = np.float64(0.05)
26.8479 	EXP 	text: height = np.float64(0.05)
26.8479 	EXP 	text: height = np.float64(0.05)
26.8479 	EXP 	text: text = 'RED'
26.8479 	EXP 	fixation: autoDraw = True
26.9819 	EXP 	Device response: <KeyPress from None: t=26.81758290000289, value=r, duration=0.1556499999933294>
27.3316 	INFO 	Keyboard events cleared
27.3314 	EXP 	fixation: autoDraw = False
27.3314 	EXP 	text: autoDraw = True
27.9487 	EXP 	Device response: <KeyPress from None: t=27.93834870000137, value=b, duration=None>
27.9491 	EXP 	New trial (rep=6, index=2): <Trial 26 (2 in rep 6) data={'word': 'BLUE', 'color': 'blue', 'outcome': 'C', 'correct_response': 'b', 'thisN': 26, 'thisTrialN': 2, 'thisRepN': 6}>
27.9536 	DATA 	Keypress: b
27.9645 	EXP 	fixation: autoDraw = False
27.9645 	EXP 	text: autoDraw = False
27.9645 	EXP 	text: foreColor = <psychopy.colors.Color: blue, alpha=1.0>
27.9645 	EXP 	text: height = np.float64(0.05)
27.9645 	EXP 	text: height = np.float64(0.05)
27.9645 	EXP 	text: height = np.float64(0.05)
27.9645 	EXP 	text: text = 'BLUE'
27.9645 	EXP 	fixation: autoDraw = True
28.0483 	EXP 	Device response: <KeyPress from None: t=27.93834870000137, value=b, duration=0.10549709999759216>
28.4482 	INFO 	Keyboard events cleared
28.4480 	EXP 	fixation: autoDraw = False
28.4480 	EXP 	text: autoDraw = True
28.7318 	EXP 	Device response: <KeyPress from None: t=28.7286860000022, value=b, duration=None>
28.7322 	EXP 	New trial (rep=6, index=3): <Trial 27 (3 in rep 6) data={'word': 'RED', 'color': 'red', 'outcome': 'C', 'correct_response': 'r', 'thisN': 27, 'thisTrialN': 3, 'thisRepN': 6}>
28.7364 	DATA 	Keypress: b
28.7478 	EXP 	fixation: autoDraw = False
28.7478 	EXP 	text: autoDraw = False
28.7478 	EXP 	text: foreColor = <psychopy.colors.Color: red, alpha=1.0>
28.7478 	EXP 	text: height = np.float64(0.05)
28.7478 	EXP 	text: height = np.float64(0.05)
28.7478 	EXP 	text: height = np.float64(0.05)
28.7478 	EXP 	text: text = 'RED'
28.7478 	EXP 	fixation: autoDraw = True
28.9152 	EXP 	Device response: <KeyPress from None: t=28.7286860000022, value=b, duration=0.1701013999991119>
29.2315 	INFO 	Keyboard events cleared
29.2313 	EXP 	fixation: autoDraw = False
29.2313 	EXP 	text: autoDraw = True
29.7483 	EXP 	Device response: <KeyPress from None: t=29.744939299998805, value=r, duration=None>
29.7486 	EXP 	New trial (rep=7, index=0): <Trial 28 (0 in rep 7) data={'word': 'BLUE', 'color': 'blue', 'outcome': 'C', 'correct_response': 'b', 'thisN': 28, 'thisTrialN': 0, 'thisRepN': 7}>
29.7530 	DATA 	Keypress: r
29.7643 	EXP 	fixation: autoDraw = False
29.7643 	EXP 	text: autoDraw = False
29.7643 	EXP 	text: foreColor = <psychopy.colors.Color: blue, alpha=1.0>
29.7643 	EXP 	text: height = np.float64(0.05)
29.7643 	EXP 	text: height = np.float64(0.05)
29.7643 	EXP 	text: height = np.float64(0.05)
29.7643 	EXP 	text: text = 'BLUE'
29.7643 	EXP 	fixation: autoDraw = True
29.9151 	EXP 	Device response: <KeyPress from None: t=29.744939299998805, value=r, duration=0.15460670000175014>
30.2481 	INFO 	Keyboard events cleared
30.2480 	EXP 	fixation: autoDraw = False
30.2480 	EXP 	text: autoDraw = True
30.7982 	EXP 	Device response: <KeyPress from None: t=30.790466300000844, value=r, duration=None>
30.7985 	EXP 	New trial (rep=7, index=1): <Trial 29 (1 in rep 7) data={'word': 'RED', 'color': 'blue', 'outcome': 'I', 'correct_response': 'b', 'thisN': 29, 'thisTrialN': 1, 'thisRepN': 7}>
30.8028 	DATA 	Keypress: r
30.8146 	EXP 	fixation: autoDraw = False
30.8146 	EXP 	text: autoDraw = False
30.8146 	EXP 	text: foreColor = <psychopy.colors.Color: blue, alpha=1.0>
30.8146 	EXP 	text: height = np.float64(0.05)
30.8146 	EXP 	text: height = np.float64(0.05)
30.8146 	EXP 	text: height = np.float64(0.05)
30.8146 	EXP 	text: text = 'RED'
30.8146 	EXP 	fixation: autoDraw = True
30.9314 	EXP 	Device response: <KeyPress from None: t=30.790466300000844, value=r, duration=0.13957210000080522>
31.2982 	INFO 	Keyboard events cleared
31.2980 	EXP 	fixation: autoDraw = False
31.2980 	EXP 	text: autoDraw = True
32.2482 	EXP 	Device response: <KeyPress from None: t=32.23708610000176, value=b, duration=None>
32.2486 	EXP 	New trial (rep=7, index=2): <Trial 30 (2 in rep 7) data={'word': 'BLUE', 'color': 'red', 'outcome': 'I', 'correct_response': 'r', 'thisN': 30, 'thisTrialN': 2, 'thisRepN': 7}>
32.2535 	DATA 	Keypress: b
32.2643 	EXP 	fixation: autoDraw = False
32.2643 	EXP 	text: autoDraw = False
32.2643 	EXP 	text: foreColor = <psychopy.colors.Color: red, alpha=1.0>
32.2643 	EXP 	text: height = np.float64(0.05)
32.2643 	EXP 	text: height = np.float64(0.05)
32.2643 	EXP 	text: height = np.float64(0.05)
32.2643 	EXP 	text: text = 'BLUE'
32.2643 	EXP 	fixation: autoDraw = True
32.3813 	EXP 	Device response: <KeyPress from None: t=32.23708610000176, value=b, duration=0.12874359999841545>
32.7480 	INFO 	Keyboard events cleared
32.7479 	EXP 	fixation: autoDraw = False
32.7479 	EXP 	text: autoDraw = True
33.5982 	EXP 	Device response: <KeyPress from None: t=33.597352600001614, value=r, duration=None>
33.5986 	EXP 	New trial (rep=7, index=3): <Trial 31 (3 in rep 7) data={'word': 'RED', 'color': 'red', 'outcome': 'C', 'correct_response': 'r', 'thisN': 31, 'thisTrialN': 3, 'thisRepN': 7}>
33.6031 	DATA 	Keypress: r
33.6142 	EXP 	fixation: autoDraw = False
33.6142 	EXP 	text: autoDraw = False
33.6142 	EXP 	text: foreColor = <psychopy.colors.Color: red, alpha=1.0>
33.6142 	EXP 	text: height = np.float64(0.05)
33.6142 	EXP 	text: height = np.float64(0.05)
33.6142 	EXP 	text: height = np.float64(0.05)
33.6142 	EXP 	text: text = 'RED'
33.6142 	EXP 	fixation: autoDraw = True
33.7813 	EXP 	Device response: <KeyPress from None: t=33.597352600001614, value=r, duration=0.17413790000136942>
34.1146 	INFO 	Keyboard events cleared
34.1144 	EXP 	fixation: autoDraw = False
34.1144 	EXP 	text: autoDraw = True
34.8490 	DATA 	Keypress: b
34.8647 	EXP 	Device response: <KeyPress from None: t=34.847553899999184, value=b, duration=None>
34.8650 	EXP 	New trial (rep=8, index=0): <Trial 32 (0 in rep 8) data={'word': 'BLUE', 'color': 'red', 'outcome': 'I', 'correct_response': 'r', 'thisN': 32, 'thisTrialN': 0, 'thisRepN': 8}>
34.8807 	EXP 	fixation: autoDraw = False
34.8807 	EXP 	text: autoDraw = False
34.8807 	EXP 	text: foreColor = <psychopy.colors.Color: red, alpha=1.0>
34.8807 	EXP 	text: height = np.float64(0.05)
34.8807 	EXP 	text: height = np.float64(0.05)
34.8807 	EXP 	text: height = np.float64(0.05)
34.8807 	EXP 	text: text = 'BLUE'
34.8807 	EXP 	fixation: autoDraw = True
34.9312 	EXP 	Device response: <KeyPress from None: t=34.847553899999184, value=b, duration=0.0745288999969489>
35.3644 	INFO 	Keyboard events cleared
35.3643 	EXP 	fixation: autoDraw = False
35.3643 	EXP 	text: autoDraw = True
36.5147 	EXP 	Device response: <KeyPress from None: t=36.50810729999648, value=b, duration=None>
36.5150 	EXP 	New trial (rep=8, index=1): <Trial 33 (1 in rep 8) data={'word': 'BLUE', 'color': 'blue', 'outcome': 'C', 'correct_response': 'b', 'thisN': 33, 'thisTrialN': 1, 'thisRepN': 8}>
36.5166 	DATA 	Keypress: b
36.5308 	EXP 	fixation: autoDraw = False
36.5308 	EXP 	text: autoDraw = False
36.5308 	EXP 	text: foreColor = <psychopy.colors.Color: blue, alpha=1.0>
36.5308 	EXP 	text: text = 'BLUE'
36.5308 	EXP 	fixation: autoDraw = True
36.6646 	EXP 	Device response: <KeyPress from None: t=36.50810729999648, value=b, duration=0.14011360000586137>
36.7980 	EXP 	Device response: <KeyPress from None: t=36.793175099999644, value=b, duration=None>
36.7989 	DATA 	Keypress: b
36.8647 	EXP 	Device response: <KeyPress from None: t=36.793175099999644, value=b, duration=0.06064090000290889>
36.9813 	EXP 	Device response: <KeyPress from None: t=36.96879369999806, value=b, duration=None>
36.9823 	DATA 	Keypress: b
37.0145 	INFO 	Keyboard events cleared
37.0143 	EXP 	fixation: autoDraw = False
37.0143 	EXP 	text: autoDraw = True
37.1480 	EXP 	Device response: <KeyPress from None: t=37.1390132000015, value=b, duration=None>
37.1483 	EXP 	New trial (rep=8, index=2): <Trial 34 (2 in rep 8) data={'word': 'RED', 'color': 'red', 'outcome': 'C', 'correct_response': 'r', 'thisN': 34, 'thisTrialN': 2, 'thisRepN': 8}>
37.1535 	DATA 	Keypress: b
37.1639 	EXP 	fixation: autoDraw = False
37.1639 	EXP 	text: autoDraw = False
37.1639 	EXP 	text: foreColor = <psychopy.colors.Color: red, alpha=1.0>
37.1639 	EXP 	text: height = np.float64(0.05)
37.1639 	EXP 	text: height = np.float64(0.05)
37.1639 	EXP 	text: height = np.float64(0.05)
37.1639 	EXP 	text: text = 'RED'
37.1639 	EXP 	fixation: autoDraw = True
37.1811 	EXP 	Device response: <KeyPress from None: t=36.96879369999806, value=b, duration=0.20577310000226134>
37.3312 	EXP 	Device response: <KeyPress from None: t=37.3237805999961, value=b, duration=None>
37.3322 	DATA 	Keypress: b
37.3811 	EXP 	Device response: <KeyPress from None: t=37.1390132000015, value=b, duration=0.2296868999983417>
37.4811 	EXP 	Device response: <KeyPress from None: t=37.479219699998794, value=b, duration=None>
37.4823 	DATA 	Keypress: b
37.5479 	EXP 	Device response: <KeyPress from None: t=37.3237805999961, value=b, duration=0.2200351000064984>
37.6477 	INFO 	Keyboard events cleared
37.6475 	EXP 	fixation: autoDraw = False
37.6475 	EXP 	text: autoDraw = True
37.6646 	EXP 	Device response: <KeyPress from None: t=37.65430439999909, value=b, duration=None>
37.6650 	EXP 	New trial (rep=8, index=3): <Trial 35 (3 in rep 8) data={'word': 'RED', 'color': 'blue', 'outcome': 'I', 'correct_response': 'b', 'thisN': 35, 'thisTrialN': 3, 'thisRepN': 8}>
37.6665 	DATA 	Keypress: b
37.6808 	EXP 	fixation: autoDraw = False
37.6808 	EXP 	text: autoDraw = False
37.6808 	EXP 	text: foreColor = <psychopy.colors.Color: blue, alpha=1.0>
37.6808 	EXP 	text: text = 'RED'
37.6808 	EXP 	fixation: autoDraw = True
37.7146 	EXP 	Device response: <KeyPress from None: t=37.479219699998794, value=b, duration=0.23449519999849144>
38.1658 	INFO 	Keyboard events cleared
38.1656 	EXP 	fixation: autoDraw = False
38.1656 	EXP 	text: autoDraw = True
38.2645 	EXP 	Device response: <KeyPress from None: t=38.24945509999816, value=b, duration=None>
38.2648 	EXP 	New trial (rep=9, index=0): <Trial 36 (0 in rep 9) data={'word': 'RED', 'color': 'blue', 'outcome': 'I', 'correct_response': 'b', 'thisN': 36, 'thisTrialN': 0, 'thisRepN': 9}>
38.2665 	DATA 	Keypress: b
38.2807 	EXP 	fixation: autoDraw = False
38.2807 	EXP 	text: autoDraw = False
38.2807 	EXP 	text: foreColor = <psychopy.colors.Color: blue, alpha=1.0>
38.2807 	EXP 	text: text = 'RED'
38.2807 	EXP 	fixation: autoDraw = True
38.3145 	EXP 	Device response: <KeyPress from None: t=37.65430439999909, value=b, duration=0.6444392999983393>
38.6978 	EXP 	Device response: <KeyPress from None: t=38.68478409999807, value=f, duration=None>
38.6988 	DATA 	Keypress: f
38.7481 	EXP 	Device response: <KeyPress from None: t=38.68478409999807, value=f, duration=0.04939050000393763>
38.7643 	INFO 	Keyboard events cleared
38.7642 	EXP 	fixation: autoDraw = False
38.7642 	EXP 	text: autoDraw = True
39.0979 	EXP 	Device response: <KeyPress from None: t=39.09494160000031, value=f, duration=None>
39.0990 	DATA 	Keypress: f
39.1810 	EXP 	Device response: <KeyPress from None: t=39.09494160000031, value=f, duration=0.08025919999636244>
39.4978 	EXP 	Device response: <KeyPress from None: t=39.48959900000045, value=f, duration=None>
39.4990 	DATA 	Keypress: f
39.5645 	EXP 	Device response: <KeyPress from None: t=39.48959900000045, value=f, duration=0.059849999997823033>
40.4645 	EXP 	Device response: <KeyPress from None: t=40.45515069999965, value=v, duration=None>
40.4656 	DATA 	Keypress: v
40.5811 	EXP 	Device response: <KeyPress from None: t=40.45515069999965, value=v, duration=0.12509780000254977>
40.7144 	EXP 	Device response: <KeyPress from None: t=40.7107560000004, value=v, duration=None>
40.7156 	DATA 	Keypress: v
40.8307 	EXP 	Device response: <KeyPress from None: t=40.7107560000004, value=v, duration=0.11908350000157952>
41.0809 	EXP 	Device response: <KeyPress from None: t=41.07058289999986, value=b, duration=None>
41.0813 	EXP 	New trial (rep=9, index=1): <Trial 37 (1 in rep 9) data={'word': 'BLUE', 'color': 'blue', 'outcome': 'C', 'correct_response': 'b', 'thisN': 37, 'thisTrialN': 1, 'thisRepN': 9}>
41.0859 	DATA 	Keypress: b
41.0973 	EXP 	fixation: autoDraw = False
41.0973 	EXP 	text: autoDraw = False
41.0973 	EXP 	text: foreColor = <psychopy.colors.Color: blue, alpha=1.0>
41.0973 	EXP 	text: height = np.float64(0.05)
41.0973 	EXP 	text: height = np.float64(0.05)
41.0973 	EXP 	text: height = np.float64(0.05)
41.0973 	EXP 	text: text = 'BLUE'
41.0973 	EXP 	fixation: autoDraw = True
41.2810 	EXP 	Device response: <KeyPress from None: t=38.24945509999816, value=b, duration=3.0177693000005092>
41.4809 	EXP 	Device response: <KeyPress from None: t=41.47606039999664, value=b, duration=None>
41.4826 	DATA 	Keypress: b
41.5476 	EXP 	Device response: <KeyPress from None: t=41.07058289999986, value=b, duration=0.4702952000006917>
41.5808 	INFO 	Keyboard events cleared
41.5806 	EXP 	fixation: autoDraw = False
41.5806 	EXP 	text: autoDraw = True
41.9819 	DATA 	Keypress: b
41.9977 	EXP 	Device response: <KeyPress from None: t=41.98070500000176, value=b, duration=None>
41.9981 	EXP 	New trial (rep=9, index=2): <Trial 38 (2 in rep 9) data={'word': 'RED', 'color': 'red', 'outcome': 'C', 'correct_response': 'r', 'thisN': 38, 'thisTrialN': 2, 'thisRepN': 9}>
42.0137 	EXP 	fixation: autoDraw = False
42.0137 	EXP 	text: autoDraw = False
42.0137 	EXP 	text: foreColor = <psychopy.colors.Color: red, alpha=1.0>
42.0137 	EXP 	text: height = np.float64(0.05)
42.0137 	EXP 	text: height = np.float64(0.05)
42.0137 	EXP 	text: height = np.float64(0.05)
42.0137 	EXP 	text: text = 'RED'
42.0137 	EXP 	fixation: autoDraw = True
42.0642 	EXP 	Device response: <KeyPress from None: t=41.47606039999664, value=b, duration=0.5802599000016926>
42.1808 	EXP 	Device response: <KeyPress from None: t=42.171863499999745, value=b, duration=None>
42.1818 	DATA 	Keypress: b
42.2475 	EXP 	Device response: <KeyPress from None: t=41.98070500000176, value=b, duration=0.2609888999941177>
42.3808 	EXP 	Device response: <KeyPress from None: t=42.370984100001806, value=b, duration=None>
42.3818 	DATA 	Keypress: b
42.4475 	EXP 	Device response: <KeyPress from None: t=42.171863499999745, value=b, duration=0.25905950000014855>
42.4974 	INFO 	Keyboard events cleared
42.4973 	EXP 	fixation: autoDraw = False
42.4973 	EXP 	text: autoDraw = True
42.7642 	EXP 	Device response: <KeyPress from None: t=42.7618094999998, value=b, duration=None>
42.7645 	EXP 	New trial (rep=9, index=3): <Trial 39 (3 in rep 9) data={'word': 'BLUE', 'color': 'red', 'outcome': 'I', 'correct_response': 'r', 'thisN': 39, 'thisTrialN': 3, 'thisRepN': 9}>
42.7688 	DATA 	Keypress: b
42.7802 	EXP 	fixation: autoDraw = False
42.7802 	EXP 	text: autoDraw = False
42.7802 	EXP 	text: foreColor = <psychopy.colors.Color: red, alpha=1.0>
42.7802 	EXP 	text: height = np.float64(0.05)
42.7802 	EXP 	text: height = np.float64(0.05)
42.7802 	EXP 	text: height = np.float64(0.05)
42.7802 	EXP 	text: text = 'BLUE'
42.7802 	EXP 	fixation: autoDraw = True
42.8809 	EXP 	Device response: <KeyPress from None: t=42.370984100001806, value=b, duration=0.5058102999973926>
43.0477 	EXP 	Device response: <KeyPress from None: t=43.03683099999762, value=b, duration=None>
43.0487 	DATA 	Keypress: b
43.1143 	EXP 	Device response: <KeyPress from None: t=42.7618094999998, value=b, duration=0.3450985000017681>
43.2640 	INFO 	Keyboard events cleared
43.2638 	EXP 	fixation: autoDraw = False
43.2638 	EXP 	text: autoDraw = True
43.3143 	EXP 	Device response: <KeyPress from None: t=43.311498199997004, value=b, duration=None>
43.3173 	DATA 	Keypress: b
43.3305 	EXP 	fixation: autoDraw = False
43.3305 	EXP 	text: autoDraw = False
43.3305 	EXP 	text_3: autoDraw = True
43.3975 	EXP 	Device response: <KeyPress from None: t=43.03683099999762, value=b, duration=0.3502128000036464>
43.5642 	EXP 	Device response: <KeyPress from None: t=43.552215499999875, value=b, duration=None>
43.5654 	DATA 	Keypress: b
43.5974 	EXP 	Device response: <KeyPress from None: t=43.311498199997004, value=b, duration=0.27545910000480944>
44.3138 	EXP 	text_3: autoDraw = False
44.3138 	EXP 	text_3: autoDraw = False
44.3140 	EXP 	Experiment: status = STOPPED
44.3338 	INFO 	saved data to 'C:\\Users\\saksh\\OneDrive\\Desktop\\PSYCHOPY EXPERIMENTS\\Exp2\\data\\7_Experiment_2025-08-14_20h23.01.374.csv'
44.3350 	INFO 	saved data to C:\Users\saksh\OneDrive\Desktop\PSYCHOPY EXPERIMENTS\Exp2\data\7_Experiment_2025-08-14_20h23.01.374.psydat
44.6148 	WARNING 	Stopping key buffers but this could be dangerous ifother keyboards rely on the same.
44.6900 	WARNING 	Stopping key buffers but this could be dangerous ifother keyboards rely on the same.
